INFO 2024-12-29 14:43:34,801 autoreload Watching for file changes with StatReloader
INFO 2024-12-29 14:43:38,580 basehttp "GET / HTTP/1.1" 200 5913
INFO 2024-12-29 14:43:39,794 basehttp "GET / HTTP/1.1" 200 5913
INFO 2024-12-29 14:43:41,734 basehttp "GET / HTTP/1.1" 200 5913
INFO 2024-12-29 14:43:43,049 basehttp "GET / HTTP/1.1" 200 5913
WARNING 2024-12-29 14:43:46,671 log Not Found: /favicon.ico
WARNING 2024-12-29 14:43:46,672 basehttp "GET /favicon.ico HTTP/1.1" 404 6258
INFO 2024-12-29 14:43:54,053 basehttp "GET /economie-circulaire/ HTTP/1.1" 200 4517
INFO 2024-12-29 14:43:54,109 basehttp "GET /media/images_economie_circulaire/Visu-dintro-1.jpg HTTP/1.1" 304 0
INFO 2024-12-29 14:48:34,066 autoreload Watching for file changes with StatReloader
INFO 2024-12-29 14:48:36,738 basehttp "GET / HTTP/1.1" 200 5913
INFO 2024-12-29 14:48:45,985 basehttp "GET /admin/ HTTP/1.1" 302 0
INFO 2024-12-29 14:48:46,052 basehttp "GET /admin/login/?next=/admin/ HTTP/1.1" 200 4235
INFO 2024-12-29 14:48:46,151 basehttp "GET /static/admin/css/base.css HTTP/1.1" 304 0
INFO 2024-12-29 14:48:46,156 basehttp "GET /static/admin/css/dark_mode.css HTTP/1.1" 304 0
INFO 2024-12-29 14:48:46,159 basehttp "GET /static/admin/js/theme.js HTTP/1.1" 304 0
INFO 2024-12-29 14:48:46,162 basehttp "GET /static/admin/css/nav_sidebar.css HTTP/1.1" 304 0
INFO 2024-12-29 14:48:46,163 basehttp "GET /static/admin/css/login.css HTTP/1.1" 304 0
INFO 2024-12-29 14:48:46,164 basehttp "GET /static/admin/css/responsive.css HTTP/1.1" 304 0
INFO 2024-12-29 14:48:46,175 basehttp "GET /static/admin/js/nav_sidebar.js HTTP/1.1" 304 0
INFO 2024-12-29 14:48:50,551 basehttp "POST /admin/login/?next=/admin/ HTTP/1.1" 302 0
INFO 2024-12-29 14:48:50,679 basehttp "GET /admin/ HTTP/1.1" 200 18549
INFO 2024-12-29 14:48:50,768 basehttp "GET /static/admin/css/dashboard.css HTTP/1.1" 304 0
INFO 2024-12-29 14:48:51,285 basehttp "GET /static/admin/img/icon-addlink.svg HTTP/1.1" 304 0
INFO 2024-12-29 14:48:51,285 basehttp "GET /static/admin/img/icon-changelink.svg HTTP/1.1" 304 0
INFO 2024-12-29 14:49:00,086 basehttp "GET /admin/auth/ HTTP/1.1" 200 5981
INFO 2024-12-29 14:49:03,090 basehttp "GET /admin/auth/user/ HTTP/1.1" 200 17581
INFO 2024-12-29 14:49:03,118 basehttp "GET /static/admin/css/changelists.css HTTP/1.1" 304 0
INFO 2024-12-29 14:49:03,124 basehttp "GET /static/admin/js/vendor/jquery/jquery.js HTTP/1.1" 304 0
INFO 2024-12-29 14:49:03,125 basehttp "GET /static/admin/js/jquery.init.js HTTP/1.1" 304 0
INFO 2024-12-29 14:49:03,125 basehttp "GET /static/admin/js/admin/RelatedObjectLookups.js HTTP/1.1" 304 0
INFO 2024-12-29 14:49:03,126 basehttp "GET /static/admin/js/core.js HTTP/1.1" 304 0
INFO 2024-12-29 14:49:03,129 basehttp "GET /static/admin/js/urlify.js HTTP/1.1" 304 0
INFO 2024-12-29 14:49:03,129 basehttp "GET /static/admin/js/prepopulate.js HTTP/1.1" 304 0
INFO 2024-12-29 14:49:03,130 basehttp "GET /static/admin/js/vendor/xregexp/xregexp.js HTTP/1.1" 304 0
INFO 2024-12-29 14:49:03,130 basehttp "GET /static/admin/js/actions.js HTTP/1.1" 304 0
INFO 2024-12-29 14:49:03,135 basehttp "GET /static/admin/img/search.svg HTTP/1.1" 304 0
INFO 2024-12-29 14:49:03,136 basehttp "GET /static/admin/img/icon-yes.svg HTTP/1.1" 304 0
INFO 2024-12-29 14:49:03,203 basehttp "GET /admin/jsi18n/ HTTP/1.1" 200 8985
INFO 2024-12-29 14:49:03,447 basehttp "GET /static/admin/js/filters.js HTTP/1.1" 304 0
INFO 2024-12-29 14:49:03,511 basehttp "GET /static/admin/img/tooltag-add.svg HTTP/1.1" 304 0
INFO 2024-12-29 14:49:03,512 basehttp "GET /static/admin/img/icon-viewlink.svg HTTP/1.1" 304 0
INFO 2024-12-29 14:49:03,675 basehttp "GET /static/admin/img/sorting-icons.svg HTTP/1.1" 200 1097
INFO 2024-12-29 14:49:13,667 basehttp "GET /admin/auth/user/add/ HTTP/1.1" 200 18468
INFO 2024-12-29 14:49:13,696 basehttp "GET /static/admin/css/forms.css HTTP/1.1" 304 0
INFO 2024-12-29 14:49:13,697 basehttp "GET /static/admin/js/prepopulate_init.js HTTP/1.1" 304 0
INFO 2024-12-29 14:49:13,697 basehttp "GET /static/admin/css/unusable_password_field.css HTTP/1.1" 200 663
INFO 2024-12-29 14:49:13,707 basehttp "GET /static/admin/js/change_form.js HTTP/1.1" 304 0
INFO 2024-12-29 14:49:13,779 basehttp "GET /admin/jsi18n/ HTTP/1.1" 200 8985
INFO 2024-12-29 14:49:14,066 basehttp "GET /static/admin/css/widgets.css HTTP/1.1" 304 0
INFO 2024-12-29 14:49:14,068 basehttp "GET /static/admin/js/unusable_password_field.js HTTP/1.1" 200 1480
INFO 2024-12-29 14:50:28,432 basehttp "POST /admin/auth/user/add/ HTTP/1.1" 200 18797
INFO 2024-12-29 14:50:28,579 basehttp "GET /admin/jsi18n/ HTTP/1.1" 200 8985
INFO 2024-12-29 14:52:33,649 basehttp "POST /admin/auth/user/add/ HTTP/1.1" 200 18663
INFO 2024-12-29 14:52:33,919 basehttp "GET /admin/jsi18n/ HTTP/1.1" 200 8985
INFO 2024-12-29 14:53:09,663 basehttp "POST /admin/auth/user/add/ HTTP/1.1" 302 0
INFO 2024-12-29 14:53:09,840 basehttp "GET /admin/auth/user/34/change/ HTTP/1.1" 200 32341
INFO 2024-12-29 14:53:09,943 basehttp "GET /static/admin/js/calendar.js HTTP/1.1" 200 9141
INFO 2024-12-29 14:53:09,944 basehttp "GET /static/admin/js/SelectBox.js HTTP/1.1" 304 0
INFO 2024-12-29 14:53:09,945 basehttp "GET /static/admin/js/admin/DateTimeShortcuts.js HTTP/1.1" 200 19319
INFO 2024-12-29 14:53:09,949 basehttp "GET /static/admin/js/SelectFilter2.js HTTP/1.1" 304 0
INFO 2024-12-29 14:53:10,098 basehttp "GET /admin/jsi18n/ HTTP/1.1" 200 8985
INFO 2024-12-29 14:53:12,510 basehttp "GET /static/admin/img/icon-unknown.svg HTTP/1.1" 304 0
INFO 2024-12-29 14:53:12,517 basehttp "GET /static/admin/img/selector-icons.svg HTTP/1.1" 304 0
INFO 2024-12-29 14:53:12,518 basehttp "GET /static/admin/img/icon-unknown-alt.svg HTTP/1.1" 304 0
INFO 2024-12-29 14:53:12,520 basehttp "GET /static/admin/img/icon-calendar.svg HTTP/1.1" 200 1086
INFO 2024-12-29 14:53:12,520 basehttp "GET /static/admin/img/icon-clock.svg HTTP/1.1" 200 677
INFO 2024-12-29 14:55:45,408 basehttp "POST /admin/auth/user/34/change/ HTTP/1.1" 200 32482
INFO 2024-12-29 14:55:45,704 basehttp "GET /admin/jsi18n/ HTTP/1.1" 200 8985
INFO 2024-12-29 14:56:02,869 basehttp "POST /admin/auth/user/34/change/ HTTP/1.1" 200 32475
INFO 2024-12-29 14:56:03,033 basehttp "GET /admin/jsi18n/ HTTP/1.1" 200 8985
INFO 2024-12-29 14:56:15,864 basehttp "POST /admin/auth/user/34/change/ HTTP/1.1" 302 0
INFO 2024-12-29 14:56:16,008 basehttp "GET /admin/auth/user/ HTTP/1.1" 200 18255
INFO 2024-12-29 14:56:16,052 basehttp "GET /static/admin/img/icon-no.svg HTTP/1.1" 200 560
INFO 2024-12-29 14:56:16,270 basehttp "GET /admin/jsi18n/ HTTP/1.1" 200 8985
INFO 2024-12-29 14:59:28,955 autoreload Watching for file changes with StatReloader
INFO 2024-12-29 14:59:47,977 autoreload C:\Users\ameur\recycling_project\recycling\urls.py changed, reloading.
INFO 2024-12-29 14:59:49,519 autoreload Watching for file changes with StatReloader
INFO 2024-12-29 15:00:05,961 autoreload C:\Users\ameur\recycling_project\recycling\urls.py changed, reloading.
INFO 2024-12-29 15:00:07,707 autoreload Watching for file changes with StatReloader
INFO 2024-12-29 15:03:20,806 autoreload C:\Users\ameur\recycling_project\recycling\urls.py changed, reloading.
INFO 2024-12-29 15:03:22,033 autoreload Watching for file changes with StatReloader
INFO 2024-12-29 15:04:16,297 autoreload C:\Users\ameur\recycling_project\recycling\views.py changed, reloading.
INFO 2024-12-29 15:04:17,724 autoreload Watching for file changes with StatReloader
INFO 2024-12-29 15:07:08,154 autoreload C:\Users\ameur\recycling_project\recycling\views.py changed, reloading.
INFO 2024-12-29 15:07:10,402 autoreload Watching for file changes with StatReloader
INFO 2024-12-29 15:07:18,132 autoreload C:\Users\ameur\recycling_project\recycling\urls.py changed, reloading.
INFO 2024-12-29 15:07:19,702 autoreload Watching for file changes with StatReloader
INFO 2024-12-29 15:09:37,210 basehttp "GET /login/ HTTP/1.1" 200 650
INFO 2024-12-29 15:09:39,526 views Tentative de connexion utilisateur : ameur
INFO 2024-12-29 15:09:39,528 basehttp "POST /login/ HTTP/1.1" 200 650
INFO 2024-12-29 15:09:44,115 views Tentative de connexion utilisateur : ameur
INFO 2024-12-29 15:09:44,115 basehttp "POST /login/ HTTP/1.1" 200 650
INFO 2024-12-29 15:09:47,229 views Tentative de connexion utilisateur : ameur
INFO 2024-12-29 15:09:47,231 basehttp "POST /login/ HTTP/1.1" 200 650
WARNING 2024-12-29 15:10:30,747 log Not Found: /login1/
WARNING 2024-12-29 15:10:30,748 basehttp "GET /login1/ HTTP/1.1" 404 6765
INFO 2024-12-29 15:10:37,256 views Utilisateur connecté : ameur
INFO 2024-12-29 15:10:37,257 basehttp "GET /secure/ HTTP/1.1" 200 265
INFO 2024-12-29 15:11:31,808 basehttp "GET / HTTP/1.1" 200 5913
INFO 2024-12-29 15:11:35,984 basehttp "GET /inventaires/ HTTP/1.1" 200 9018
INFO 2024-12-29 15:12:23,089 autoreload C:\Users\ameur\recycling_project\recycling\urls.py changed, reloading.
INFO 2024-12-29 15:12:24,295 autoreload Watching for file changes with StatReloader
INFO 2024-12-29 15:12:38,215 basehttp "GET /login HTTP/1.1" 301 0
INFO 2024-12-29 15:12:38,222 basehttp "GET /login/ HTTP/1.1" 200 650
INFO 2024-12-29 15:12:40,456 views Tentative de connexion utilisateur : ameur
INFO 2024-12-29 15:12:40,457 basehttp "POST /login/ HTTP/1.1" 200 650
INFO 2024-12-29 15:12:42,733 views Tentative de connexion utilisateur : ameur
INFO 2024-12-29 15:12:42,734 basehttp "POST /login/ HTTP/1.1" 200 650
INFO 2024-12-29 15:13:21,185 autoreload C:\Users\ameur\recycling_project\recycling\views.py changed, reloading.
INFO 2024-12-29 15:13:22,361 autoreload Watching for file changes with StatReloader
INFO 2024-12-29 15:13:29,533 views Tentative de connexion utilisateur : ameur
INFO 2024-12-29 15:13:29,540 basehttp "POST /login/ HTTP/1.1" 200 1141
INFO 2024-12-29 15:13:31,648 views Tentative de connexion utilisateur : ameur
INFO 2024-12-29 15:13:31,650 basehttp "POST /login/ HTTP/1.1" 200 1141
INFO 2024-12-29 15:13:33,746 views Tentative de connexion utilisateur : ameur
INFO 2024-12-29 15:13:33,746 basehttp "POST /login/ HTTP/1.1" 200 1141
INFO 2024-12-29 15:13:42,332 autoreload C:\Users\ameur\recycling_project\recycling\views.py changed, reloading.
INFO 2024-12-29 15:13:43,313 autoreload Watching for file changes with StatReloader
INFO 2024-12-29 15:13:52,519 autoreload C:\Users\ameur\recycling_project\recycling\urls.py changed, reloading.
INFO 2024-12-29 15:13:53,370 autoreload Watching for file changes with StatReloader
INFO 2024-12-29 15:14:13,004 autoreload C:\Users\ameur\recycling_project\recycling\urls.py changed, reloading.
INFO 2024-12-29 15:14:13,811 autoreload Watching for file changes with StatReloader
INFO 2024-12-29 15:14:25,052 autoreload C:\Users\ameur\recycling_project\recycling\urls.py changed, reloading.
INFO 2024-12-29 15:14:26,268 autoreload Watching for file changes with StatReloader
INFO 2024-12-29 15:16:12,423 autoreload C:\Users\ameur\recycling_project\recycling\urls.py changed, reloading.
INFO 2024-12-29 15:16:13,916 autoreload Watching for file changes with StatReloader
INFO 2024-12-29 15:16:22,638 autoreload C:\Users\ameur\recycling_project\recycling\views.py changed, reloading.
INFO 2024-12-29 15:16:24,225 autoreload Watching for file changes with StatReloader
WARNING 2024-12-29 15:16:37,945 log Not Found: /login_vew
WARNING 2024-12-29 15:16:37,946 basehttp "GET /login_vew HTTP/1.1" 404 6770
INFO 2024-12-29 15:17:42,352 autoreload C:\Users\ameur\recycling_project\recycling\urls.py changed, reloading.
INFO 2024-12-29 15:17:43,844 autoreload Watching for file changes with StatReloader
INFO 2024-12-29 15:19:08,446 basehttp "GET /login1/ HTTP/1.1" 200 1141
INFO 2024-12-29 15:19:11,672 views Tentative de connexion utilisateur : ameur
INFO 2024-12-29 15:19:11,674 basehttp "POST /login1/ HTTP/1.1" 200 1141
INFO 2024-12-29 15:19:15,201 views Tentative de connexion utilisateur : ameur
INFO 2024-12-29 15:19:15,202 basehttp "POST /login1/ HTTP/1.1" 200 1141
INFO 2024-12-29 15:21:57,036 autoreload C:\Users\ameur\recycling_project\recycling\urls.py changed, reloading.
INFO 2024-12-29 15:21:58,863 autoreload Watching for file changes with StatReloader
INFO 2024-12-29 15:22:43,421 autoreload C:\Users\ameur\recycling_project\recycling\views.py changed, reloading.
INFO 2024-12-29 15:22:45,115 autoreload Watching for file changes with StatReloader
INFO 2024-12-29 15:23:58,437 autoreload C:\Users\ameur\recycling_project\recycling_project\settings.py changed, reloading.
INFO 2024-12-29 15:24:00,048 autoreload Watching for file changes with StatReloader
INFO 2024-12-29 15:24:21,436 basehttp "GET /login1/ HTTP/1.1" 200 713
WARNING 2024-12-29 15:24:23,815 log Not Found: /favicon.ico
WARNING 2024-12-29 15:24:23,816 basehttp "GET /favicon.ico HTTP/1.1" 404 6777
INFO 2024-12-29 15:24:36,706 views Connexion réussie pour : ameur
INFO 2024-12-29 15:24:36,716 basehttp "POST /login1/ HTTP/1.1" 302 0
INFO 2024-12-29 15:24:36,790 views Utilisateur connecté : ameur
INFO 2024-12-29 15:24:36,791 basehttp "GET /secure/ HTTP/1.1" 200 241
INFO 2024-12-29 15:29:17,993 autoreload C:\Users\ameur\recycling_project\recycling\views.py changed, reloading.
INFO 2024-12-29 15:29:19,797 autoreload Watching for file changes with StatReloader
INFO 2024-12-29 15:29:41,251 views Connexion réussie pour : ameur
INFO 2024-12-29 15:29:41,262 basehttp "POST /login1/ HTTP/1.1" 302 0
INFO 2024-12-29 15:29:41,332 views Utilisateur connecté : ameur
ERROR 2024-12-29 15:29:41,379 log Internal Server Error: /secure/
Traceback (most recent call last):
  File "C:\Users\ameur\recycling_project\myenv\Lib\site-packages\django\core\handlers\exception.py", line 55, in inner
    response = get_response(request)
               ^^^^^^^^^^^^^^^^^^^^^
  File "C:\Users\ameur\recycling_project\myenv\Lib\site-packages\django\core\handlers\base.py", line 197, in _get_response
    response = wrapped_callback(request, *callback_args, **callback_kwargs)
               ^^^^^^^^^^^^^^^^^^^^^^^^^^^^^^^^^^^^^^^^^^^^^^^^^^^^^^^^^^^^
  File "C:\Users\ameur\recycling_project\myenv\Lib\site-packages\django\contrib\auth\decorators.py", line 60, in _view_wrapper
    return view_func(request, *args, **kwargs)
           ^^^^^^^^^^^^^^^^^^^^^^^^^^^^^^^^^^^
  File "C:\Users\ameur\recycling_project\recycling\views.py", line 274, in secure_view
    log_file_path = os.path.join(os.path.dirname(os.path.dirname(__file__)), 'security.log')
                    ^^
NameError: name 'os' is not defined. Did you forget to import 'os'
ERROR 2024-12-29 15:29:41,382 basehttp "GET /secure/ HTTP/1.1" 500 76365
INFO 2024-12-29 15:31:15,885 autoreload C:\Users\ameur\recycling_project\recycling\views.py changed, reloading.
INFO 2024-12-29 15:31:17,091 autoreload Watching for file changes with StatReloader
INFO 2024-12-29 15:31:21,316 views Utilisateur connecté : ameur
INFO 2024-12-29 15:31:21,320 basehttp "GET /secure/ HTTP/1.1" 200 23118
INFO 2024-12-29 15:31:57,585 basehttp "GET / HTTP/1.1" 200 5913
INFO 2024-12-29 15:32:03,435 basehttp "GET /demande-devis/ HTTP/1.1" 200 4909
INFO 2024-12-29 15:32:03,589 basehttp "GET /static/recycling/js/demande_devis.js HTTP/1.1" 200 1299
INFO 2024-12-29 15:32:17,666 basehttp "POST /demande-devis/ HTTP/1.1" 200 17
INFO 2024-12-29 15:32:20,745 basehttp "GET /demande-devis/ HTTP/1.1" 200 4909
INFO 2024-12-29 15:32:23,903 basehttp "GET /inventaires/ HTTP/1.1" 200 9018
INFO 2024-12-29 15:32:31,564 basehttp "POST /inventaires/ HTTP/1.1" 302 0
INFO 2024-12-29 15:32:31,659 basehttp "GET /inventaires/ HTTP/1.1" 200 9726
INFO 2024-12-29 15:32:55,701 basehttp "POST /inventaires/ HTTP/1.1" 302 0
INFO 2024-12-29 15:32:55,786 basehttp "GET /inventaires/ HTTP/1.1" 200 10294
INFO 2024-12-29 15:33:00,665 basehttp "POST /supprimer_balle/2/ HTTP/1.1" 302 0
INFO 2024-12-29 15:33:00,759 basehttp "GET /inventaires/ HTTP/1.1" 200 9735
INFO 2024-12-29 15:33:03,887 basehttp "POST /supprimer_inventaire/2/ HTTP/1.1" 302 0
INFO 2024-12-29 15:33:03,968 basehttp "GET /inventaires/ HTTP/1.1" 200 9031
INFO 2024-12-29 15:33:27,238 basehttp "GET /add_and_calculate/ HTTP/1.1" 200 4291
INFO 2024-12-29 15:46:04,521 autoreload C:\Users\ameur\recycling_project\recycling\forms.py changed, reloading.
INFO 2024-12-29 15:46:06,324 autoreload Watching for file changes with StatReloader
INFO 2024-12-29 15:56:09,520 autoreload C:\Users\ameur\recycling_project\recycling\views.py changed, reloading.
INFO 2024-12-29 15:56:11,257 autoreload Watching for file changes with StatReloader
INFO 2025-01-05 12:36:04,199 autoreload Watching for file changes with StatReloader
INFO 2025-01-05 12:36:06,637 basehttp "GET / HTTP/1.1" 200 5913
INFO 2025-01-05 12:36:07,025 basehttp "GET /static/recycling/css/styles.css HTTP/1.1" 200 6333
INFO 2025-01-05 12:36:07,052 basehttp "GET /static/recycling/images/banniere.jpg HTTP/1.1" 304 0
INFO 2025-01-05 12:36:07,083 basehttp "GET /media/images_index/nature-3294632_1280_BUPVybb.jpg HTTP/1.1" 200 47553
INFO 2025-01-05 12:36:07,090 basehttp "GET /media/images_index/industrie-recyclage-plastique-inquiete-pour-son-avenir_620x350_2YH9yvG.jpg HTTP/1.1" 200 41183
WARNING 2025-01-05 12:36:07,147 log Not Found: /favicon.ico
WARNING 2025-01-05 12:36:07,148 basehttp "GET /favicon.ico HTTP/1.1" 404 6777
INFO 2025-01-05 12:36:12,035 basehttp "GET /economie-circulaire/ HTTP/1.1" 200 4517
INFO 2025-01-05 12:36:12,064 basehttp "GET /media/images_economie_circulaire/Visu-dintro-1.jpg HTTP/1.1" 200 157042
INFO 2025-01-05 12:36:13,385 basehttp "GET /add_and_calculate/ HTTP/1.1" 200 4292
INFO 2025-01-05 12:36:15,139 basehttp "GET /contact/ HTTP/1.1" 200 4704
INFO 2025-01-05 12:36:15,159 basehttp "GET /static/recycling/js/contact.js HTTP/1.1" 304 0
INFO 2025-01-05 12:36:16,303 basehttp "GET /add_and_calculate/ HTTP/1.1" 200 4292
INFO 2025-01-05 12:36:21,236 basehttp "POST /add_and_calculate/ HTTP/1.1" 302 0
INFO 2025-01-05 12:36:21,249 basehttp "GET /add_and_calculate/ HTTP/1.1" 200 4292
INFO 2025-01-05 12:36:59,711 basehttp "POST /add_and_calculate/ HTTP/1.1" 302 0
INFO 2025-01-05 12:36:59,724 basehttp "GET /add_and_calculate/ HTTP/1.1" 200 4291
INFO 2025-01-05 12:37:04,028 basehttp "POST /add_and_calculate/ HTTP/1.1" 302 0
INFO 2025-01-05 12:37:04,038 basehttp "GET /add_and_calculate/ HTTP/1.1" 200 4293
INFO 2025-01-05 12:38:14,763 basehttp "GET /demande-devis/ HTTP/1.1" 200 4909
INFO 2025-01-05 12:38:14,784 basehttp "GET /static/recycling/js/demande_devis.js HTTP/1.1" 200 1458
INFO 2025-01-05 12:38:16,369 basehttp "GET /contact/ HTTP/1.1" 200 4704
INFO 2025-01-05 12:38:17,431 basehttp "GET /add_and_calculate/ HTTP/1.1" 200 4293
INFO 2025-01-05 12:38:18,835 basehttp "GET /economie-circulaire/ HTTP/1.1" 200 4517
INFO 2025-01-05 12:38:20,071 basehttp "GET / HTTP/1.1" 200 5913
INFO 2025-01-05 12:38:22,815 basehttp "GET /demande-devis/ HTTP/1.1" 200 4909
INFO 2025-01-05 12:38:33,984 basehttp "POST /demande-devis/ HTTP/1.1" 200 17
INFO 2025-01-05 12:38:38,427 basehttp "GET /contact/ HTTP/1.1" 200 4704
INFO 2025-01-05 12:38:44,761 basehttp "POST /contact/ HTTP/1.1" 200 42
INFO 2025-01-05 12:38:49,697 basehttp "GET /add_and_calculate/ HTTP/1.1" 200 4293
INFO 2025-01-05 12:38:50,980 basehttp "GET /economie-circulaire/ HTTP/1.1" 200 4517
INFO 2025-01-05 12:38:51,744 basehttp "GET / HTTP/1.1" 200 5913
INFO 2025-01-06 21:23:38,204 autoreload Watching for file changes with StatReloader
INFO 2025-01-06 21:23:52,311 basehttp "GET / HTTP/1.1" 200 5913
WARNING 2025-01-06 21:23:52,508 log Not Found: /favicon.ico
WARNING 2025-01-06 21:23:52,510 basehttp "GET /favicon.ico HTTP/1.1" 404 6777
INFO 2025-01-06 21:23:56,661 basehttp "GET /economie-circulaire/ HTTP/1.1" 200 4517
INFO 2025-01-06 21:24:02,161 basehttp "GET /add_and_calculate/ HTTP/1.1" 200 4293
INFO 2025-01-06 21:24:08,367 basehttp "POST /add_and_calculate/ HTTP/1.1" 302 0
INFO 2025-01-06 21:24:08,380 basehttp "GET /add_and_calculate/ HTTP/1.1" 200 4292
INFO 2025-01-06 21:24:10,954 basehttp "GET /contact/ HTTP/1.1" 200 4704
INFO 2025-01-06 21:24:18,957 basehttp "POST /contact/ HTTP/1.1" 200 42
INFO 2025-01-06 21:24:22,547 basehttp "GET /contact/ HTTP/1.1" 200 4704
INFO 2025-01-06 21:24:24,212 basehttp "GET /demande-devis/ HTTP/1.1" 200 4909
INFO 2025-01-06 21:24:24,251 basehttp "GET /static/recycling/js/demande_devis.js HTTP/1.1" 304 0
INFO 2025-01-06 21:24:26,734 basehttp "GET /inventaires/ HTTP/1.1" 302 0
INFO 2025-01-06 21:24:26,740 basehttp "GET /login1/?next=/inventaires/ HTTP/1.1" 200 713
INFO 2025-01-06 21:24:32,674 views Connexion réussie pour : ameur
INFO 2025-01-06 21:24:32,680 basehttp "POST /login1/?next=/inventaires/ HTTP/1.1" 302 0
INFO 2025-01-06 21:24:32,883 views Utilisateur connecté : ameur
INFO 2025-01-06 21:24:32,897 basehttp "GET /secure/ HTTP/1.1" 200 32150
INFO 2025-01-06 21:24:38,832 basehttp "GET /inventaires/ HTTP/1.1" 200 9031
INFO 2025-01-06 21:24:43,172 basehttp "GET /inventaires/ HTTP/1.1" 200 9031
INFO 2025-01-06 21:24:49,425 basehttp "GET /add_and_calculate/ HTTP/1.1" 200 4292
INFO 2025-01-06 21:24:50,655 basehttp "GET /inventaires/ HTTP/1.1" 200 9031
INFO 2025-01-06 21:24:51,935 basehttp "GET /contact/ HTTP/1.1" 200 4704
INFO 2025-01-06 21:24:53,091 basehttp "GET /inventaires/ HTTP/1.1" 200 9031
INFO 2025-01-06 21:24:54,787 basehttp "GET /demande-devis/ HTTP/1.1" 200 4909
INFO 2025-01-06 21:24:56,597 basehttp "GET /admin/ HTTP/1.1" 200 18513
INFO 2025-01-06 21:24:56,663 basehttp "GET /static/admin/css/base.css HTTP/1.1" 304 0
INFO 2025-01-06 21:24:56,687 basehttp "GET /static/admin/css/dark_mode.css HTTP/1.1" 304 0
INFO 2025-01-06 21:24:56,689 basehttp "GET /static/admin/css/dashboard.css HTTP/1.1" 304 0
INFO 2025-01-06 21:24:56,689 basehttp "GET /static/admin/css/nav_sidebar.css HTTP/1.1" 304 0
INFO 2025-01-06 21:24:56,689 basehttp "GET /static/admin/css/responsive.css HTTP/1.1" 304 0
INFO 2025-01-06 21:24:56,690 basehttp "GET /static/admin/js/theme.js HTTP/1.1" 304 0
INFO 2025-01-06 21:24:56,704 basehttp "GET /static/admin/js/nav_sidebar.js HTTP/1.1" 304 0
INFO 2025-01-06 21:24:56,720 basehttp "GET /static/admin/img/icon-changelink.svg HTTP/1.1" 304 0
INFO 2025-01-06 21:24:56,722 basehttp "GET /static/admin/img/icon-addlink.svg HTTP/1.1" 304 0
INFO 2025-01-06 21:24:59,883 basehttp "GET / HTTP/1.1" 200 5913
INFO 2025-01-06 21:25:01,297 basehttp "GET /inventaires/ HTTP/1.1" 200 9031
INFO 2025-01-06 21:25:03,966 basehttp "GET /admin/ HTTP/1.1" 200 18513
INFO 2025-01-06 21:25:08,585 basehttp "GET / HTTP/1.1" 200 5913
INFO 2025-01-06 21:25:10,813 basehttp "GET /economie-circulaire/ HTTP/1.1" 200 4517
INFO 2025-01-06 21:25:11,768 basehttp "GET / HTTP/1.1" 200 5913
INFO 2025-01-06 21:33:27,499 basehttp "GET /inventaires/ HTTP/1.1" 200 9031
INFO 2025-01-06 21:33:33,429 basehttp "POST /inventaires/ HTTP/1.1" 302 0
INFO 2025-01-06 21:33:33,705 basehttp "GET /inventaires/ HTTP/1.1" 200 9736
INFO 2025-01-06 21:33:49,440 basehttp "POST /inventaires/ HTTP/1.1" 302 0
INFO 2025-01-06 21:33:49,630 basehttp "GET /inventaires/ HTTP/1.1" 200 10461
INFO 2025-01-12 11:07:44,344 autoreload Watching for file changes with StatReloader
INFO 2025-01-12 11:07:58,816 basehttp "GET / HTTP/1.1" 200 5913
INFO 2025-01-12 11:07:59,828 basehttp "GET / HTTP/1.1" 200 5913
INFO 2025-01-12 11:08:00,595 basehttp "GET /media/images_index/industrie-recyclage-plastique-inquiete-pour-son-avenir_620x350_2YH9yvG.jpg HTTP/1.1" 304 0
INFO 2025-01-12 11:08:00,643 basehttp "GET /media/images_index/nature-3294632_1280_BUPVybb.jpg HTTP/1.1" 304 0
INFO 2025-01-12 11:08:00,949 basehttp "GET /static/recycling/css/styles.css HTTP/1.1" 200 6379
WARNING 2025-01-12 11:08:01,190 log Not Found: /favicon.ico
WARNING 2025-01-12 11:08:01,191 basehttp "GET /favicon.ico HTTP/1.1" 404 6777
WARNING 2025-01-12 11:08:01,242 log Not Found: /favicon.ico
WARNING 2025-01-12 11:08:01,243 basehttp "GET /favicon.ico HTTP/1.1" 404 6777
INFO 2025-01-12 11:08:05,759 basehttp "GET /economie-circulaire/ HTTP/1.1" 200 4517
INFO 2025-01-12 11:08:05,841 basehttp "GET /media/images_economie_circulaire/Visu-dintro-1.jpg HTTP/1.1" 304 0
INFO 2025-01-12 11:08:08,407 basehttp "GET /add_and_calculate/ HTTP/1.1" 200 4292
INFO 2025-01-12 11:08:14,660 basehttp "POST /add_and_calculate/ HTTP/1.1" 302 0
INFO 2025-01-12 11:08:14,677 basehttp "GET /add_and_calculate/ HTTP/1.1" 200 4292
INFO 2025-01-12 11:08:22,248 basehttp "POST /add_and_calculate/ HTTP/1.1" 302 0
INFO 2025-01-12 11:08:22,291 basehttp "GET /add_and_calculate/ HTTP/1.1" 200 4292
INFO 2025-01-12 11:08:27,483 basehttp "POST /add_and_calculate/ HTTP/1.1" 302 0
INFO 2025-01-12 11:08:27,498 basehttp "GET /add_and_calculate/ HTTP/1.1" 200 4293
INFO 2025-01-12 11:08:30,156 basehttp "GET /contact/ HTTP/1.1" 200 4704
INFO 2025-01-12 11:08:39,519 basehttp "POST /contact/ HTTP/1.1" 200 42
INFO 2025-01-12 11:08:41,999 basehttp "GET /demande-devis/ HTTP/1.1" 200 4909
INFO 2025-01-12 11:08:42,016 basehttp "GET /static/recycling/js/demande_devis.js HTTP/1.1" 304 0
INFO 2025-01-12 11:08:46,960 basehttp "GET /contact/ HTTP/1.1" 200 4704
INFO 2025-01-12 11:09:19,848 basehttp "GET /contact/ HTTP/1.1" 200 4704
INFO 2025-01-12 11:09:22,915 basehttp "GET /economie-circulaire/ HTTP/1.1" 200 4517
INFO 2025-01-12 11:09:23,894 basehttp "GET /add_and_calculate/ HTTP/1.1" 200 4293
INFO 2025-01-12 11:09:24,618 basehttp "GET /contact/ HTTP/1.1" 200 4704
INFO 2025-01-12 11:09:26,070 basehttp "GET /inventaires/ HTTP/1.1" 200 10461
INFO 2025-01-12 11:09:28,630 basehttp "GET /demande-devis/ HTTP/1.1" 200 4909
INFO 2025-01-14 22:20:36,182 autoreload Watching for file changes with StatReloader
INFO 2025-01-14 22:20:42,180 basehttp "GET / HTTP/1.1" 200 5913
INFO 2025-01-14 22:20:42,254 basehttp "GET /media/images_index/nature-3294632_1280_BUPVybb.jpg HTTP/1.1" 304 0
INFO 2025-01-14 22:20:42,255 basehttp "GET /media/images_index/industrie-recyclage-plastique-inquiete-pour-son-avenir_620x350_2YH9yvG.jpg HTTP/1.1" 304 0
INFO 2025-01-14 22:20:42,350 basehttp "GET / HTTP/1.1" 200 5913
INFO 2025-01-14 22:20:42,477 basehttp "GET /static/recycling/css/styles.css HTTP/1.1" 200 6380
WARNING 2025-01-14 22:20:42,610 log Not Found: /favicon.ico
WARNING 2025-01-14 22:20:42,611 basehttp "GET /favicon.ico HTTP/1.1" 404 6777
WARNING 2025-01-14 22:20:42,620 log Not Found: /favicon.ico
WARNING 2025-01-14 22:20:42,621 basehttp "GET /favicon.ico HTTP/1.1" 404 6777
INFO 2025-01-14 22:20:48,537 basehttp "GET /economie-circulaire/ HTTP/1.1" 200 4517
INFO 2025-01-14 22:20:48,597 basehttp "GET /media/images_economie_circulaire/Visu-dintro-1.jpg HTTP/1.1" 304 0
INFO 2025-01-14 22:20:50,212 basehttp "GET /add_and_calculate/ HTTP/1.1" 200 4293
INFO 2025-01-14 22:20:55,506 basehttp "POST /add_and_calculate/ HTTP/1.1" 302 0
INFO 2025-01-14 22:20:55,515 basehttp "GET /add_and_calculate/ HTTP/1.1" 200 4292
INFO 2025-01-14 22:20:59,744 basehttp "POST /add_and_calculate/ HTTP/1.1" 302 0
INFO 2025-01-14 22:20:59,775 basehttp "GET /add_and_calculate/ HTTP/1.1" 200 4293
INFO 2025-01-14 22:21:07,489 basehttp "POST /add_and_calculate/ HTTP/1.1" 302 0
INFO 2025-01-14 22:21:07,514 basehttp "GET /add_and_calculate/ HTTP/1.1" 200 4291
INFO 2025-01-14 22:21:10,418 basehttp "POST /add_and_calculate/ HTTP/1.1" 302 0
INFO 2025-01-14 22:21:10,453 basehttp "GET /add_and_calculate/ HTTP/1.1" 200 4292
INFO 2025-01-14 22:21:17,340 basehttp "POST /add_and_calculate/ HTTP/1.1" 302 0
INFO 2025-01-14 22:21:17,380 basehttp "GET /add_and_calculate/ HTTP/1.1" 200 4292
INFO 2025-01-14 22:21:35,884 basehttp "GET /economie-circulaire/ HTTP/1.1" 200 4517
INFO 2025-01-14 22:32:11,928 basehttp "GET /demande-devis/ HTTP/1.1" 200 4909
INFO 2025-01-14 22:32:11,985 basehttp "GET /static/recycling/js/demande_devis.js HTTP/1.1" 200 1675
INFO 2025-01-14 22:32:42,905 basehttp "POST /demande-devis/ HTTP/1.1" 200 17
INFO 2025-01-14 22:32:49,150 basehttp "GET /economie-circulaire/ HTTP/1.1" 200 4517
INFO 2025-01-14 22:32:52,337 basehttp "GET / HTTP/1.1" 200 5913
INFO 2025-01-14 22:32:54,915 basehttp "GET /economie-circulaire/ HTTP/1.1" 200 4517
INFO 2025-01-14 22:32:56,281 basehttp "GET /add_and_calculate/ HTTP/1.1" 200 4292
INFO 2025-01-14 22:32:58,533 basehttp "GET /contact/ HTTP/1.1" 200 4704
INFO 2025-01-14 22:33:00,844 basehttp "GET /admin/ HTTP/1.1" 200 18513
INFO 2025-01-14 22:33:00,908 basehttp "GET /static/admin/css/base.css HTTP/1.1" 304 0
INFO 2025-01-14 22:33:00,919 basehttp "GET /static/admin/css/dark_mode.css HTTP/1.1" 304 0
INFO 2025-01-14 22:33:00,933 basehttp "GET /static/admin/css/dashboard.css HTTP/1.1" 304 0
INFO 2025-01-14 22:33:00,933 basehttp "GET /static/admin/css/nav_sidebar.css HTTP/1.1" 304 0
INFO 2025-01-14 22:33:00,936 basehttp "GET /static/admin/css/responsive.css HTTP/1.1" 304 0
INFO 2025-01-14 22:33:00,953 basehttp "GET /static/admin/js/theme.js HTTP/1.1" 304 0
INFO 2025-01-14 22:33:00,955 basehttp "GET /static/admin/js/nav_sidebar.js HTTP/1.1" 304 0
INFO 2025-01-14 22:33:00,991 basehttp "GET /static/admin/img/icon-addlink.svg HTTP/1.1" 304 0
INFO 2025-01-14 22:33:00,994 basehttp "GET /static/admin/img/icon-changelink.svg HTTP/1.1" 304 0
INFO 2025-01-14 22:33:07,376 basehttp "GET /admin/recycling/demandedevis/ HTTP/1.1" 200 18286
INFO 2025-01-14 22:33:07,444 basehttp "GET /static/admin/css/changelists.css HTTP/1.1" 304 0
INFO 2025-01-14 22:33:07,474 basehttp "GET /static/admin/js/core.js HTTP/1.1" 304 0
INFO 2025-01-14 22:33:07,475 basehttp "GET /static/admin/js/admin/RelatedObjectLookups.js HTTP/1.1" 304 0
INFO 2025-01-14 22:33:07,476 basehttp "GET /static/admin/js/actions.js HTTP/1.1" 304 0
INFO 2025-01-14 22:33:07,476 basehttp "GET /static/admin/js/vendor/jquery/jquery.js HTTP/1.1" 304 0
INFO 2025-01-14 22:33:07,488 basehttp "GET /static/admin/js/jquery.init.js HTTP/1.1" 304 0
INFO 2025-01-14 22:33:07,500 basehttp "GET /static/admin/js/urlify.js HTTP/1.1" 304 0
INFO 2025-01-14 22:33:07,501 basehttp "GET /static/admin/js/prepopulate.js HTTP/1.1" 304 0
INFO 2025-01-14 22:33:07,503 basehttp "GET /static/admin/js/vendor/xregexp/xregexp.js HTTP/1.1" 304 0
INFO 2025-01-14 22:33:07,505 basehttp "GET /static/admin/img/search.svg HTTP/1.1" 304 0
INFO 2025-01-14 22:33:07,543 basehttp "GET /static/admin/js/filters.js HTTP/1.1" 304 0
INFO 2025-01-14 22:33:07,768 basehttp "GET /admin/jsi18n/ HTTP/1.1" 200 8985
INFO 2025-01-14 22:33:07,854 basehttp "GET /static/admin/img/tooltag-add.svg HTTP/1.1" 304 0
INFO 2025-01-14 22:33:13,864 basehttp "GET /admin/recycling/demandedevis/4/change/ HTTP/1.1" 200 20504
INFO 2025-01-14 22:33:13,910 basehttp "GET /static/admin/css/forms.css HTTP/1.1" 304 0
INFO 2025-01-14 22:33:13,935 basehttp "GET /static/admin/css/widgets.css HTTP/1.1" 304 0
INFO 2025-01-14 22:33:13,936 basehttp "GET /static/admin/js/prepopulate_init.js HTTP/1.1" 304 0
INFO 2025-01-14 22:33:13,936 basehttp "GET /static/admin/js/SelectFilter2.js HTTP/1.1" 304 0
INFO 2025-01-14 22:33:13,937 basehttp "GET /static/admin/js/SelectBox.js HTTP/1.1" 304 0
INFO 2025-01-14 22:33:13,954 basehttp "GET /static/admin/img/icon-viewlink.svg HTTP/1.1" 304 0
INFO 2025-01-14 22:33:13,965 basehttp "GET /static/admin/js/change_form.js HTTP/1.1" 304 0
INFO 2025-01-14 22:33:14,184 basehttp "GET /admin/jsi18n/ HTTP/1.1" 200 8985
INFO 2025-01-14 22:33:14,305 basehttp "GET /static/admin/img/icon-unknown-alt.svg HTTP/1.1" 304 0
INFO 2025-01-14 22:33:14,306 basehttp "GET /static/admin/img/icon-unknown.svg HTTP/1.1" 304 0
INFO 2025-01-14 22:33:14,307 basehttp "GET /static/admin/img/selector-icons.svg HTTP/1.1" 304 0
INFO 2025-01-14 22:33:47,697 basehttp "GET / HTTP/1.1" 200 5913
INFO 2025-01-18 10:45:55,878 autoreload Watching for file changes with StatReloader
INFO 2025-01-18 10:46:23,578 basehttp "GET / HTTP/1.1" 200 5913
INFO 2025-01-18 10:46:23,696 basehttp "GET /media/images_index/nature-3294632_1280_BUPVybb.jpg HTTP/1.1" 304 0
INFO 2025-01-18 10:46:23,697 basehttp "GET /media/images_index/industrie-recyclage-plastique-inquiete-pour-son-avenir_620x350_2YH9yvG.jpg HTTP/1.1" 304 0
INFO 2025-01-18 10:46:23,805 basehttp "GET /static/recycling/css/styles.css HTTP/1.1" 200 6421
INFO 2025-01-18 10:46:23,991 basehttp "GET /static/recycling/images/banniere.jpg HTTP/1.1" 304 0
WARNING 2025-01-18 10:46:26,475 log Not Found: /favicon.ico
WARNING 2025-01-18 10:46:26,476 basehttp "GET /favicon.ico HTTP/1.1" 404 6777
INFO 2025-01-18 10:46:31,025 basehttp "GET /economie-circulaire/ HTTP/1.1" 200 4517
INFO 2025-01-18 10:46:31,122 basehttp "GET /media/images_economie_circulaire/Visu-dintro-1.jpg HTTP/1.1" 304 0
INFO 2025-01-18 10:46:38,459 basehttp "GET /add_and_calculate/ HTTP/1.1" 200 4292
INFO 2025-01-18 10:46:56,737 basehttp "GET /add_and_calculate/ HTTP/1.1" 200 4292
INFO 2025-01-18 10:47:00,035 basehttp "GET /contact/ HTTP/1.1" 200 4704
INFO 2025-01-18 10:47:00,124 basehttp "GET /static/recycling/js/contact.js HTTP/1.1" 200 1376
INFO 2025-01-18 10:47:14,662 basehttp "POST /contact/ HTTP/1.1" 200 42
INFO 2025-01-18 10:47:30,193 basehttp "GET /demande-devis/ HTTP/1.1" 200 4909
INFO 2025-01-18 10:47:30,288 basehttp "GET /static/recycling/js/demande_devis.js HTTP/1.1" 200 1675
INFO 2025-01-18 10:47:33,192 basehttp "GET /inventaires/ HTTP/1.1" 302 0
INFO 2025-01-18 10:47:33,205 basehttp "GET /login1/?next=/inventaires/ HTTP/1.1" 200 713
INFO 2025-01-18 10:47:37,695 basehttp "GET /inventaires/ HTTP/1.1" 302 0
INFO 2025-01-18 10:47:37,703 basehttp "GET /login1/?next=/inventaires/ HTTP/1.1" 200 713
INFO 2025-01-18 10:47:41,520 views Connexion réussie pour : ameur
INFO 2025-01-18 10:47:41,522 basehttp "POST /login1/?next=/inventaires/ HTTP/1.1" 302 0
INFO 2025-01-18 10:47:41,605 views Utilisateur connecté : ameur
INFO 2025-01-18 10:47:41,610 basehttp "GET /secure/ HTTP/1.1" 200 52022
INFO 2025-01-18 10:47:46,111 basehttp "GET /login1/?next=/inventaires/ HTTP/1.1" 200 713
INFO 2025-01-18 10:47:49,684 basehttp "GET /demande-devis/ HTTP/1.1" 200 4909
INFO 2025-01-18 10:47:53,449 basehttp "GET /inventaires/ HTTP/1.1" 200 10461
INFO 2025-01-18 10:47:55,395 basehttp "GET /demande-devis/ HTTP/1.1" 200 4909
INFO 2025-01-18 10:47:56,452 basehttp "GET /admin/ HTTP/1.1" 200 18513
INFO 2025-01-18 10:47:56,534 basehttp "GET /static/admin/css/base.css HTTP/1.1" 304 0
INFO 2025-01-18 10:47:56,538 basehttp "GET /static/admin/css/dark_mode.css HTTP/1.1" 304 0
INFO 2025-01-18 10:47:56,539 basehttp "GET /static/admin/js/theme.js HTTP/1.1" 304 0
INFO 2025-01-18 10:47:56,540 basehttp "GET /static/admin/css/nav_sidebar.css HTTP/1.1" 304 0
INFO 2025-01-18 10:47:56,540 basehttp "GET /static/admin/css/responsive.css HTTP/1.1" 304 0
INFO 2025-01-18 10:47:56,541 basehttp "GET /static/admin/css/dashboard.css HTTP/1.1" 304 0
INFO 2025-01-18 10:47:56,566 basehttp "GET /static/admin/js/nav_sidebar.js HTTP/1.1" 304 0
INFO 2025-01-18 10:47:56,614 basehttp "GET /static/admin/img/icon-addlink.svg HTTP/1.1" 304 0
INFO 2025-01-18 10:47:56,614 basehttp "GET /static/admin/img/icon-changelink.svg HTTP/1.1" 304 0
INFO 2025-01-18 10:48:00,788 basehttp "GET /inventaires/ HTTP/1.1" 200 10461
INFO 2025-01-18 10:48:05,938 basehttp "GET /inventaires/ HTTP/1.1" 200 10461
INFO 2025-01-18 10:48:10,564 basehttp "GET /contact/ HTTP/1.1" 200 4704
INFO 2025-01-18 10:48:23,314 basehttp "GET /demande-devis/ HTTP/1.1" 200 4909
INFO 2025-01-18 10:48:25,761 basehttp "GET /inventaires/ HTTP/1.1" 200 10461
INFO 2025-01-18 10:48:29,780 basehttp "GET /inventaires/ HTTP/1.1" 200 10461
INFO 2025-01-18 10:48:34,067 basehttp "GET /admin/ HTTP/1.1" 200 18513
INFO 2025-01-18 10:48:41,976 basehttp "GET / HTTP/1.1" 200 5913
INFO 2025-01-18 10:48:43,910 basehttp "GET /admin/ HTTP/1.1" 200 18513
INFO 2025-01-18 10:48:45,268 basehttp "POST /admin/logout/ HTTP/1.1" 200 3632
INFO 2025-01-18 10:48:50,506 basehttp "GET /admin/ HTTP/1.1" 302 0
INFO 2025-01-18 10:48:50,525 basehttp "GET /admin/login/?next=/admin/ HTTP/1.1" 200 4235
INFO 2025-01-18 10:48:50,608 basehttp "GET /static/admin/css/login.css HTTP/1.1" 304 0
INFO 2025-01-18 10:48:54,925 basehttp "GET / HTTP/1.1" 200 5913
INFO 2025-01-18 10:48:56,699 basehttp "GET /demande-devis/ HTTP/1.1" 200 4909
INFO 2025-01-18 10:48:58,515 basehttp "GET /inventaires/ HTTP/1.1" 302 0
INFO 2025-01-18 10:48:58,526 basehttp "GET /login1/?next=/inventaires/ HTTP/1.1" 200 713
INFO 2025-01-18 10:49:16,492 views Connexion réussie pour : ameur
INFO 2025-01-18 10:49:16,494 basehttp "POST /login1/?next=/inventaires/ HTTP/1.1" 302 0
INFO 2025-01-18 10:49:16,563 views Utilisateur connecté : ameur
INFO 2025-01-18 10:49:16,567 basehttp "GET /secure/ HTTP/1.1" 200 56441
INFO 2025-01-18 10:49:31,873 basehttp "GET /login1/?next=/inventaires/ HTTP/1.1" 200 713
INFO 2025-01-18 10:49:33,595 basehttp "GET /demande-devis/ HTTP/1.1" 200 4909
INFO 2025-01-18 10:49:57,102 basehttp "GET /inventaires/ HTTP/1.1" 200 10461
INFO 2025-01-18 10:49:58,999 basehttp "GET /inventaires/ HTTP/1.1" 200 10461
INFO 2025-01-18 10:50:01,038 basehttp "GET /demande-devis/ HTTP/1.1" 200 4909
INFO 2025-01-18 10:50:01,998 basehttp "GET /inventaires/ HTTP/1.1" 200 10461
INFO 2025-01-18 10:50:04,309 basehttp "GET /economie-circulaire/ HTTP/1.1" 200 4517
INFO 2025-01-18 10:50:05,108 basehttp "GET /contact/ HTTP/1.1" 200 4704
INFO 2025-01-18 10:50:09,530 basehttp "GET /admin/ HTTP/1.1" 200 18513
INFO 2025-01-18 10:50:15,034 basehttp "POST /admin/logout/ HTTP/1.1" 200 3632
INFO 2025-01-18 10:50:20,413 basehttp "GET / HTTP/1.1" 200 5913
INFO 2025-01-18 10:50:22,226 basehttp "GET /inventaires/ HTTP/1.1" 302 0
INFO 2025-01-18 10:50:22,233 basehttp "GET /login1/?next=/inventaires/ HTTP/1.1" 200 713
INFO 2025-01-18 10:51:25,593 autoreload C:\Users\ameur\recycling_project\recycling\urls.py changed, reloading.
INFO 2025-01-18 10:51:26,840 autoreload Watching for file changes with StatReloader
WARNING 2025-01-18 10:51:27,900 log Not Found: /login1/
WARNING 2025-01-18 10:51:27,901 basehttp "GET /login1/?next=/inventaires/ HTTP/1.1" 404 6525
INFO 2025-01-18 10:51:31,897 basehttp "GET /inventaires/ HTTP/1.1" 302 0
WARNING 2025-01-18 10:51:31,946 log Not Found: /login1/
WARNING 2025-01-18 10:51:31,946 basehttp "GET /login1/?next=/inventaires/ HTTP/1.1" 404 6525
INFO 2025-01-18 10:51:50,857 autoreload C:\Users\ameur\recycling_project\recycling\urls.py changed, reloading.
INFO 2025-01-18 10:51:51,782 autoreload Watching for file changes with StatReloader
INFO 2025-01-18 10:51:55,438 basehttp "GET /login1/?next=/inventaires/ HTTP/1.1" 200 713
INFO 2025-01-18 10:52:06,335 autoreload C:\Users\ameur\recycling_project\recycling\urls.py changed, reloading.
INFO 2025-01-18 10:52:07,272 autoreload Watching for file changes with StatReloader
WARNING 2025-01-18 10:52:09,780 log Not Found: /login1/
WARNING 2025-01-18 10:52:09,780 basehttp "GET /login1/?next=/inventaires/ HTTP/1.1" 404 6525
INFO 2025-01-18 10:52:24,972 autoreload C:\Users\ameur\recycling_project\recycling\urls.py changed, reloading.
INFO 2025-01-18 10:52:25,833 autoreload Watching for file changes with StatReloader
INFO 2025-01-18 10:55:40,856 autoreload C:\Users\ameur\recycling_project\recycling\views.py changed, reloading.
INFO 2025-01-18 10:55:42,048 autoreload Watching for file changes with StatReloader
INFO 2025-01-18 10:55:45,603 basehttp "GET /login1/?next=/inventaires/ HTTP/1.1" 200 658
INFO 2025-01-18 10:55:48,590 basehttp "GET /inventaires/ HTTP/1.1" 302 0
INFO 2025-01-18 10:55:48,622 basehttp "GET /login1/?next=/inventaires/ HTTP/1.1" 200 658
INFO 2025-01-18 10:55:55,622 views Connexion réussie pour : ameur
INFO 2025-01-18 10:55:55,624 basehttp "POST /login1/ HTTP/1.1" 302 0
INFO 2025-01-18 10:55:55,703 views Utilisateur connecté : ameur
INFO 2025-01-18 10:55:55,708 basehttp "GET /secure/ HTTP/1.1" 200 61193
INFO 2025-01-18 10:56:01,132 basehttp "GET /login1/?next=/inventaires/ HTTP/1.1" 200 658
INFO 2025-01-18 10:56:31,690 autoreload C:\Users\ameur\recycling_project\recycling\views.py changed, reloading.
INFO 2025-01-18 10:56:32,685 autoreload Watching for file changes with StatReloader
INFO 2025-01-18 10:56:35,538 basehttp "GET /login1/?next=/inventaires/ HTTP/1.1" 200 658
INFO 2025-01-18 10:56:38,086 basehttp "GET /login1/?next=/inventaires/ HTTP/1.1" 200 658
INFO 2025-01-18 10:56:48,941 basehttp "GET / HTTP/1.1" 200 5913
INFO 2025-01-18 10:56:49,016 basehttp "GET /media/images_index/nature-3294632_1280_BUPVybb.jpg HTTP/1.1" 304 0
INFO 2025-01-18 10:56:49,020 basehttp "GET /media/images_index/industrie-recyclage-plastique-inquiete-pour-son-avenir_620x350_2YH9yvG.jpg HTTP/1.1" 304 0
INFO 2025-01-18 10:56:49,131 basehttp "GET /static/recycling/css/styles.css HTTP/1.1" 200 6421
INFO 2025-01-18 10:56:49,228 basehttp "GET /static/recycling/images/banniere.jpg HTTP/1.1" 304 0
INFO 2025-01-18 10:56:51,063 basehttp "GET /inventaires/ HTTP/1.1" 302 0
INFO 2025-01-18 10:56:51,068 basehttp "GET /login1/?next=/inventaires/ HTTP/1.1" 200 658
WARNING 2025-01-18 10:56:52,672 log Not Found: /favicon.ico
WARNING 2025-01-18 10:56:52,673 basehttp "GET /favicon.ico HTTP/1.1" 404 6777
INFO 2025-01-18 10:56:55,124 views Connexion réussie pour : ameur
INFO 2025-01-18 10:56:55,126 basehttp "POST /login1/ HTTP/1.1" 302 0
INFO 2025-01-18 10:56:55,192 views Utilisateur connecté : ameur
INFO 2025-01-18 10:56:55,196 basehttp "GET /secure/ HTTP/1.1" 200 63546
INFO 2025-01-18 10:56:56,830 basehttp "GET /login1/?next=/inventaires/ HTTP/1.1" 200 658
INFO 2025-01-18 10:59:32,111 autoreload C:\Users\ameur\recycling_project\recycling\urls.py changed, reloading.
INFO 2025-01-18 10:59:33,094 autoreload Watching for file changes with StatReloader
INFO 2025-01-18 10:59:37,040 basehttp "GET /inventaires/ HTTP/1.1" 200 10461
INFO 2025-01-18 10:59:40,334 basehttp "GET /admin/ HTTP/1.1" 200 18513
INFO 2025-01-18 10:59:41,843 basehttp "POST /admin/logout/ HTTP/1.1" 200 3632
INFO 2025-01-18 10:59:53,436 basehttp "GET / HTTP/1.1" 200 5913
INFO 2025-01-18 10:59:55,729 basehttp "GET /inventaires/ HTTP/1.1" 302 0
INFO 2025-01-18 10:59:55,742 basehttp "GET /login1/?next=/inventaires/ HTTP/1.1" 200 658
INFO 2025-01-18 11:00:04,244 views Connexion réussie pour : ameur
INFO 2025-01-18 11:00:04,247 basehttp "POST /login1/ HTTP/1.1" 302 0
INFO 2025-01-18 11:00:04,361 views Utilisateur connecté : ameur
INFO 2025-01-18 11:00:04,369 basehttp "GET /secure/ HTTP/1.1" 200 65126
INFO 2025-01-18 11:00:07,598 basehttp "GET /login1/?next=/inventaires/ HTTP/1.1" 200 658
INFO 2025-01-18 11:00:29,214 basehttp "GET /inventaires/ HTTP/1.1" 200 10461
INFO 2025-01-18 11:00:33,134 basehttp "GET /admin/ HTTP/1.1" 200 18513
INFO 2025-01-18 11:00:35,932 basehttp "POST /admin/logout/ HTTP/1.1" 200 3632
INFO 2025-01-18 11:00:39,187 basehttp "GET / HTTP/1.1" 200 5913
INFO 2025-01-18 11:00:40,785 basehttp "GET /inventaires/ HTTP/1.1" 302 0
INFO 2025-01-18 11:00:40,817 basehttp "GET /login1/?next=/inventaires/ HTTP/1.1" 200 658
INFO 2025-01-18 11:00:45,326 views Connexion réussie pour : ameur
INFO 2025-01-18 11:00:45,329 basehttp "POST /login1/ HTTP/1.1" 302 0
INFO 2025-01-18 11:00:45,443 views Utilisateur connecté : ameur
INFO 2025-01-18 11:00:45,448 basehttp "GET /secure/ HTTP/1.1" 200 66437
INFO 2025-01-18 11:03:09,343 autoreload C:\Users\ameur\recycling_project\recycling\urls.py changed, reloading.
INFO 2025-01-18 11:03:10,869 autoreload Watching for file changes with StatReloader
INFO 2025-01-18 11:03:50,149 views Utilisateur connecté : ameur
INFO 2025-01-18 11:03:50,157 basehttp "GET /secure/ HTTP/1.1" 200 66927
INFO 2025-01-18 11:03:53,855 basehttp "GET / HTTP/1.1" 200 5913
INFO 2025-01-18 11:03:55,368 basehttp "GET /inventaires/ HTTP/1.1" 200 10461
INFO 2025-01-18 11:05:15,399 autoreload C:\Users\ameur\recycling_project\recycling\views.py changed, reloading.
INFO 2025-01-18 11:05:16,161 autoreload Watching for file changes with StatReloader
INFO 2025-01-18 11:05:34,685 autoreload C:\Users\ameur\recycling_project\recycling\urls.py changed, reloading.
INFO 2025-01-18 11:05:35,571 autoreload Watching for file changes with StatReloader
INFO 2025-01-18 11:05:44,540 basehttp "GET / HTTP/1.1" 200 5913
INFO 2025-01-18 11:05:46,793 basehttp "GET /admin/ HTTP/1.1" 200 18513
INFO 2025-01-18 11:05:46,888 basehttp "GET /static/admin/css/base.css HTTP/1.1" 304 0
INFO 2025-01-18 11:05:46,891 basehttp "GET /static/admin/css/dark_mode.css HTTP/1.1" 304 0
INFO 2025-01-18 11:05:46,894 basehttp "GET /static/admin/js/theme.js HTTP/1.1" 304 0
INFO 2025-01-18 11:05:46,898 basehttp "GET /static/admin/css/nav_sidebar.css HTTP/1.1" 304 0
INFO 2025-01-18 11:05:46,900 basehttp "GET /static/admin/css/dashboard.css HTTP/1.1" 304 0
INFO 2025-01-18 11:05:46,901 basehttp "GET /static/admin/css/responsive.css HTTP/1.1" 304 0
INFO 2025-01-18 11:05:47,022 basehttp "GET /static/admin/js/nav_sidebar.js HTTP/1.1" 304 0
INFO 2025-01-18 11:05:47,042 basehttp "GET /static/admin/js/theme.js HTTP/1.1" 200 1653
INFO 2025-01-18 11:05:47,084 basehttp "GET /static/admin/img/icon-addlink.svg HTTP/1.1" 304 0
INFO 2025-01-18 11:05:47,087 basehttp "GET /static/admin/img/icon-changelink.svg HTTP/1.1" 304 0
INFO 2025-01-18 11:05:47,165 basehttp "GET /static/admin/js/nav_sidebar.js HTTP/1.1" 200 3063
INFO 2025-01-18 11:05:48,281 basehttp "POST /admin/logout/ HTTP/1.1" 200 3632
INFO 2025-01-18 11:05:55,495 basehttp "GET / HTTP/1.1" 200 5913
INFO 2025-01-18 11:05:57,073 basehttp "GET /inventaires/ HTTP/1.1" 302 0
WARNING 2025-01-18 11:05:57,092 log Not Found: /login1/
WARNING 2025-01-18 11:05:57,093 basehttp "GET /login1/?next=/inventaires/ HTTP/1.1" 404 6265
INFO 2025-01-18 11:06:14,861 autoreload C:\Users\ameur\recycling_project\recycling\urls.py changed, reloading.
INFO 2025-01-18 11:06:16,142 autoreload Watching for file changes with StatReloader
INFO 2025-01-18 11:06:17,180 basehttp "GET /login1/?next=/inventaires/ HTTP/1.1" 200 713
INFO 2025-01-18 11:06:19,551 basehttp "POST /login1/?next=/inventaires/ HTTP/1.1" 302 0
INFO 2025-01-18 11:06:19,659 basehttp "GET /inventaires/ HTTP/1.1" 200 10461
INFO 2025-01-18 11:06:21,471 basehttp "GET /login1/?next=/inventaires/ HTTP/1.1" 200 713
INFO 2025-01-18 11:06:23,973 basehttp "POST /login1/?next=/inventaires/ HTTP/1.1" 302 0
INFO 2025-01-18 11:06:24,054 basehttp "GET /inventaires/ HTTP/1.1" 200 10461
INFO 2025-01-18 11:06:27,095 basehttp "GET /login1/?next=/inventaires/ HTTP/1.1" 200 713
INFO 2025-01-18 11:06:30,556 basehttp "GET /inventaires/ HTTP/1.1" 200 10461
INFO 2025-01-18 11:06:32,343 basehttp "GET /inventaires/ HTTP/1.1" 200 10461
INFO 2025-01-18 11:06:38,185 basehttp "GET /demande-devis/ HTTP/1.1" 200 4909
INFO 2025-01-18 11:06:38,390 basehttp "GET /static/recycling/js/demande_devis.js HTTP/1.1" 200 1675
INFO 2025-01-18 11:06:38,396 basehttp "GET /static/recycling/js/demande_devis.js HTTP/1.1" 200 1675
INFO 2025-01-18 11:06:39,406 basehttp "GET /inventaires/ HTTP/1.1" 200 10461
INFO 2025-01-18 11:06:46,556 basehttp "GET /demande-devis/ HTTP/1.1" 200 4909
INFO 2025-01-18 11:06:48,097 basehttp "GET /inventaires/ HTTP/1.1" 200 10461
INFO 2025-01-18 11:06:49,038 basehttp "GET /contact/ HTTP/1.1" 200 4704
INFO 2025-01-18 11:06:49,081 basehttp "GET /static/recycling/js/contact.js HTTP/1.1" 200 1376
INFO 2025-01-18 11:06:49,146 basehttp "GET /static/recycling/js/contact.js HTTP/1.1" 200 1376
INFO 2025-01-18 11:06:50,284 basehttp "GET /add_and_calculate/ HTTP/1.1" 200 4292
INFO 2025-01-18 11:06:51,481 basehttp "GET /economie-circulaire/ HTTP/1.1" 200 4517
INFO 2025-01-18 11:06:51,593 basehttp "GET /media/images_economie_circulaire/Visu-dintro-1.jpg HTTP/1.1" 304 0
INFO 2025-01-18 11:06:53,360 basehttp "GET /inventaires/ HTTP/1.1" 200 10461
INFO 2025-01-18 11:06:55,173 basehttp "GET /admin/ HTTP/1.1" 200 18513
INFO 2025-01-18 11:06:56,503 basehttp "POST /admin/logout/ HTTP/1.1" 200 3632
INFO 2025-01-18 11:07:00,918 basehttp "GET / HTTP/1.1" 200 5913
INFO 2025-01-18 11:07:02,370 basehttp "GET /inventaires/ HTTP/1.1" 302 0
INFO 2025-01-18 11:07:02,381 basehttp "GET /login1/?next=/inventaires/ HTTP/1.1" 200 713
INFO 2025-01-18 11:07:05,016 basehttp "POST /login1/?next=/inventaires/ HTTP/1.1" 302 0
INFO 2025-01-18 11:07:05,097 basehttp "GET /inventaires/ HTTP/1.1" 200 10461
INFO 2025-01-18 11:07:06,880 basehttp "GET /login1/?next=/inventaires/ HTTP/1.1" 200 713
INFO 2025-01-18 11:08:08,313 autoreload C:\Users\ameur\recycling_project\recycling\urls.py changed, reloading.
INFO 2025-01-18 11:08:09,175 autoreload Watching for file changes with StatReloader
INFO 2025-01-18 11:12:02,900 basehttp "GET /inventaires/ HTTP/1.1" 200 10461
INFO 2025-01-18 11:12:06,082 basehttp "GET /admin/ HTTP/1.1" 200 18513
INFO 2025-01-18 11:12:07,672 basehttp "POST /admin/logout/ HTTP/1.1" 200 3632
INFO 2025-01-18 11:12:12,596 basehttp "GET / HTTP/1.1" 200 5913
INFO 2025-01-18 11:12:14,522 basehttp "GET /inventaires/ HTTP/1.1" 302 0
INFO 2025-01-18 11:12:14,544 basehttp "GET /login1/?next=/inventaires/ HTTP/1.1" 200 713
INFO 2025-01-18 11:12:18,575 basehttp "POST /login1/?next=/inventaires/ HTTP/1.1" 302 0
INFO 2025-01-18 11:12:18,708 basehttp "GET /inventaires/ HTTP/1.1" 200 10461
INFO 2025-01-18 11:12:20,531 basehttp "GET /contact/ HTTP/1.1" 200 4704
INFO 2025-01-18 11:12:21,970 basehttp "GET /inventaires/ HTTP/1.1" 200 10461
INFO 2025-01-18 11:12:23,078 basehttp "GET /demande-devis/ HTTP/1.1" 200 4909
INFO 2025-01-18 11:12:24,504 basehttp "GET /admin/ HTTP/1.1" 200 18513
INFO 2025-01-18 11:13:45,394 basehttp "GET /inventaires/ HTTP/1.1" 200 10461
INFO 2025-01-18 11:13:46,725 basehttp "GET /admin/ HTTP/1.1" 200 18513
INFO 2025-01-18 11:13:48,994 basehttp "POST /admin/logout/ HTTP/1.1" 200 3632
INFO 2025-01-18 11:13:52,979 basehttp "GET / HTTP/1.1" 200 5913
INFO 2025-01-18 11:13:55,742 basehttp "GET /inventaires/ HTTP/1.1" 302 0
INFO 2025-01-18 11:13:55,753 basehttp "GET /login1/?next=/inventaires/ HTTP/1.1" 200 713
INFO 2025-01-18 11:13:58,391 basehttp "POST /login1/?next=/inventaires/ HTTP/1.1" 302 0
INFO 2025-01-18 11:13:58,486 basehttp "GET /inventaires/ HTTP/1.1" 200 10461
INFO 2025-01-18 11:13:59,961 basehttp "GET /login1/?next=/inventaires/ HTTP/1.1" 200 713
INFO 2025-01-18 11:15:19,910 autoreload C:\Users\ameur\recycling_project\recycling\urls.py changed, reloading.
INFO 2025-01-18 11:15:20,783 autoreload Watching for file changes with StatReloader
WARNING 2025-01-18 11:15:25,122 log Not Found: /login1/
WARNING 2025-01-18 11:15:25,123 basehttp "GET /login1/?next=/inventaires/ HTTP/1.1" 404 6265
INFO 2025-01-18 11:15:42,712 autoreload C:\Users\ameur\recycling_project\recycling\urls.py changed, reloading.
INFO 2025-01-18 11:15:43,644 autoreload Watching for file changes with StatReloader
INFO 2025-01-18 11:16:24,092 basehttp "GET /login1/?next=/inventaires/ HTTP/1.1" 200 713
INFO 2025-01-18 11:17:36,714 basehttp "GET /login1/?next=/inventaires/ HTTP/1.1" 200 713
INFO 2025-01-18 11:17:39,800 basehttp "GET /login1/?next=/inventaires/ HTTP/1.1" 200 713
INFO 2025-01-18 11:18:40,006 basehttp "GET /login1/?next=/inventaires/ HTTP/1.1" 200 713
INFO 2025-01-18 11:18:46,435 basehttp "GET /inventaires/ HTTP/1.1" 200 10461
INFO 2025-01-18 11:18:51,566 basehttp "GET /demande-devis/ HTTP/1.1" 200 4909
INFO 2025-01-18 11:18:52,629 basehttp "GET /inventaires/ HTTP/1.1" 200 10461
INFO 2025-01-18 11:18:57,638 basehttp "GET /admin/ HTTP/1.1" 200 18513
INFO 2025-01-18 11:19:05,683 basehttp "POST /admin/logout/ HTTP/1.1" 200 3632
INFO 2025-01-18 11:19:08,799 basehttp "GET / HTTP/1.1" 200 5913
INFO 2025-01-18 11:19:10,796 basehttp "GET /inventaires/ HTTP/1.1" 302 0
INFO 2025-01-18 11:19:10,813 basehttp "GET /login1/?next=/inventaires/ HTTP/1.1" 200 713
INFO 2025-01-18 11:19:15,895 basehttp "POST /login1/?next=/inventaires/ HTTP/1.1" 302 0
INFO 2025-01-18 11:19:16,039 basehttp "GET /inventaires/ HTTP/1.1" 200 10461
INFO 2025-01-18 11:46:44,082 autoreload Watching for file changes with StatReloader
INFO 2025-01-18 11:46:58,068 basehttp "GET /add_and_calculate/ HTTP/1.1" 200 4292
INFO 2025-01-18 11:47:07,377 basehttp "POST /add_and_calculate/ HTTP/1.1" 302 0
INFO 2025-01-18 11:47:07,391 basehttp "GET /add_and_calculate/ HTTP/1.1" 200 4292
INFO 2025-01-18 11:55:30,296 autoreload Watching for file changes with StatReloader
INFO 2025-01-18 12:00:58,140 basehttp "GET / HTTP/1.1" 200 3621
INFO 2025-01-18 12:00:58,255 basehttp "GET /static/recycling/css/styles.css HTTP/1.1" 200 6421
INFO 2025-01-18 12:00:58,946 basehttp "GET /static/recycling/images/banniere.jpg HTTP/1.1" 200 201543
WARNING 2025-01-18 12:01:01,484 log Not Found: /favicon.ico
WARNING 2025-01-18 12:01:01,485 basehttp "GET /favicon.ico HTTP/1.1" 404 4914
INFO 2025-01-18 12:01:02,303 basehttp "GET /economie-circulaire HTTP/1.1" 301 0
INFO 2025-01-18 12:01:02,342 basehttp "GET /economie-circulaire/ HTTP/1.1" 200 3049
INFO 2025-01-18 12:01:03,626 basehttp "GET / HTTP/1.1" 200 3621
INFO 2025-01-18 12:01:04,259 basehttp "GET /add_and_calculate HTTP/1.1" 301 0
INFO 2025-01-18 12:01:05,371 basehttp "GET /contact HTTP/1.1" 301 0
INFO 2025-01-18 12:01:05,430 basehttp "GET /contact/ HTTP/1.1" 200 4704
INFO 2025-01-18 12:01:05,535 basehttp "GET /static/recycling/js/contact.js HTTP/1.1" 200 1376
INFO 2025-01-18 12:01:05,587 basehttp "GET /static/recycling/js/contact.js HTTP/1.1" 200 1376
INFO 2025-01-18 12:01:08,107 basehttp "GET /demande-devis HTTP/1.1" 301 0
INFO 2025-01-18 12:01:08,143 basehttp "GET /demande-devis/ HTTP/1.1" 200 4475
INFO 2025-01-18 12:01:08,201 basehttp "GET /static/recycling/js/demande_devis.js HTTP/1.1" 200 1675
INFO 2025-01-18 12:01:08,260 basehttp "GET /static/recycling/js/demande_devis.js HTTP/1.1" 200 1675
INFO 2025-01-18 12:01:09,799 basehttp "GET /inventaires HTTP/1.1" 301 0
INFO 2025-01-18 12:01:09,807 basehttp "GET /inventaires/ HTTP/1.1" 302 0
INFO 2025-01-18 12:01:09,874 basehttp "GET /login1/?next=/inventaires/ HTTP/1.1" 200 713
INFO 2025-01-18 12:01:12,012 basehttp "POST /login1/?next=/inventaires/ HTTP/1.1" 200 713
INFO 2025-01-18 12:01:15,291 basehttp "POST /login1/?next=/inventaires/ HTTP/1.1" 200 713
INFO 2025-01-18 12:01:23,182 basehttp "POST /login1/?next=/inventaires/ HTTP/1.1" 200 713
INFO 2025-01-18 12:01:26,024 basehttp "POST /login1/?next=/inventaires/ HTTP/1.1" 200 713
INFO 2025-01-18 12:01:33,242 basehttp "GET / HTTP/1.1" 200 3621
ERROR 2025-01-18 12:01:34,530 log Internal Server Error: /add_and_calculate/
Traceback (most recent call last):
  File "/usr/local/lib/python3.9/site-packages/django/core/handlers/exception.py", line 56, in inner
    response = get_response(request)
  File "/usr/local/lib/python3.9/site-packages/django/core/handlers/base.py", line 197, in _get_response
    response = wrapped_callback(request, *callback_args, **callback_kwargs)
  File "/app/recycling/views.py", line 223, in add_and_calculate
    form = TransactionForm()  # Formulaire vide pour GET
  File "/app/recycling/forms.py", line 81, in __init__
    self.fields['material'].choices = self.get_material_choices()
  File "/app/recycling/forms.py", line 90, in get_material_choices
    choices = [(material['name'], material['name']) for material in materials]
  File "/app/recycling/forms.py", line 90, in <listcomp>
    choices = [(material['name'], material['name']) for material in materials]
  File "/usr/local/lib/python3.9/site-packages/pymongo/cursor.py", line 1243, in next
    if len(self.__data) or self._refresh():
  File "/usr/local/lib/python3.9/site-packages/pymongo/cursor.py", line 1160, in _refresh
    self.__send_message(q)
  File "/usr/local/lib/python3.9/site-packages/pymongo/cursor.py", line 1039, in __send_message
    response = client._run_operation(
  File "/usr/local/lib/python3.9/site-packages/pymongo/_csot.py", line 108, in csot_wrapper
    return func(self, *args, **kwargs)
  File "/usr/local/lib/python3.9/site-packages/pymongo/mongo_client.py", line 1431, in _run_operation
    return self._retryable_read(
  File "/usr/local/lib/python3.9/site-packages/pymongo/mongo_client.py", line 1540, in _retryable_read
    return self._retry_internal(
  File "/usr/local/lib/python3.9/site-packages/pymongo/_csot.py", line 108, in csot_wrapper
    return func(self, *args, **kwargs)
  File "/usr/local/lib/python3.9/site-packages/pymongo/mongo_client.py", line 1496, in _retry_internal
    return _ClientConnectionRetryable(
  File "/usr/local/lib/python3.9/site-packages/pymongo/mongo_client.py", line 2353, in run
    return self._read() if self._is_read else self._write()
  File "/usr/local/lib/python3.9/site-packages/pymongo/mongo_client.py", line 2483, in _read
    self._server = self._get_server()
  File "/usr/local/lib/python3.9/site-packages/pymongo/mongo_client.py", line 2439, in _get_server
    return self._client._select_server(
  File "/usr/local/lib/python3.9/site-packages/pymongo/mongo_client.py", line 1322, in _select_server
    server = topology.select_server(
  File "/usr/local/lib/python3.9/site-packages/pymongo/topology.py", line 368, in select_server
    server = self._select_server(
  File "/usr/local/lib/python3.9/site-packages/pymongo/topology.py", line 346, in _select_server
    servers = self.select_servers(
  File "/usr/local/lib/python3.9/site-packages/pymongo/topology.py", line 253, in select_servers
    server_descriptions = self._select_servers_loop(
  File "/usr/local/lib/python3.9/site-packages/pymongo/topology.py", line 303, in _select_servers_loop
    raise ServerSelectionTimeoutError(
pymongo.errors.ServerSelectionTimeoutError: localhost:27017: [Errno 111] Connection refused (configured timeouts: socketTimeoutMS: 20000.0ms, connectTimeoutMS: 20000.0ms), Timeout: 30s, Topology Description: <TopologyDescription id: 678b88a12552459b722ce69f, topology_type: Unknown, servers: [<ServerDescription ('localhost', 27017) server_type: Unknown, rtt: None, error=AutoReconnect('localhost:27017: [Errno 111] Connection refused (configured timeouts: socketTimeoutMS: 20000.0ms, connectTimeoutMS: 20000.0ms)')>]>
ERROR 2025-01-18 12:01:34,540 basehttp "GET /add_and_calculate/ HTTP/1.1" 500 145246
INFO 2025-01-18 12:01:35,634 basehttp "GET /demande-devis/ HTTP/1.1" 200 4475
INFO 2025-01-18 12:01:37,162 basehttp "GET /contact/ HTTP/1.1" 200 4704
ERROR 2025-01-18 12:02:09,654 log Internal Server Error: /add_and_calculate/
Traceback (most recent call last):
  File "/usr/local/lib/python3.9/site-packages/django/core/handlers/exception.py", line 56, in inner
    response = get_response(request)
  File "/usr/local/lib/python3.9/site-packages/django/core/handlers/base.py", line 197, in _get_response
    response = wrapped_callback(request, *callback_args, **callback_kwargs)
  File "/app/recycling/views.py", line 223, in add_and_calculate
    form = TransactionForm()  # Formulaire vide pour GET
  File "/app/recycling/forms.py", line 81, in __init__
    self.fields['material'].choices = self.get_material_choices()
  File "/app/recycling/forms.py", line 90, in get_material_choices
    choices = [(material['name'], material['name']) for material in materials]
  File "/app/recycling/forms.py", line 90, in <listcomp>
    choices = [(material['name'], material['name']) for material in materials]
  File "/usr/local/lib/python3.9/site-packages/pymongo/cursor.py", line 1243, in next
    if len(self.__data) or self._refresh():
  File "/usr/local/lib/python3.9/site-packages/pymongo/cursor.py", line 1160, in _refresh
    self.__send_message(q)
  File "/usr/local/lib/python3.9/site-packages/pymongo/cursor.py", line 1039, in __send_message
    response = client._run_operation(
  File "/usr/local/lib/python3.9/site-packages/pymongo/_csot.py", line 108, in csot_wrapper
    return func(self, *args, **kwargs)
  File "/usr/local/lib/python3.9/site-packages/pymongo/mongo_client.py", line 1431, in _run_operation
    return self._retryable_read(
  File "/usr/local/lib/python3.9/site-packages/pymongo/mongo_client.py", line 1540, in _retryable_read
    return self._retry_internal(
  File "/usr/local/lib/python3.9/site-packages/pymongo/_csot.py", line 108, in csot_wrapper
    return func(self, *args, **kwargs)
  File "/usr/local/lib/python3.9/site-packages/pymongo/mongo_client.py", line 1496, in _retry_internal
    return _ClientConnectionRetryable(
  File "/usr/local/lib/python3.9/site-packages/pymongo/mongo_client.py", line 2353, in run
    return self._read() if self._is_read else self._write()
  File "/usr/local/lib/python3.9/site-packages/pymongo/mongo_client.py", line 2483, in _read
    self._server = self._get_server()
  File "/usr/local/lib/python3.9/site-packages/pymongo/mongo_client.py", line 2439, in _get_server
    return self._client._select_server(
  File "/usr/local/lib/python3.9/site-packages/pymongo/mongo_client.py", line 1322, in _select_server
    server = topology.select_server(
  File "/usr/local/lib/python3.9/site-packages/pymongo/topology.py", line 368, in select_server
    server = self._select_server(
  File "/usr/local/lib/python3.9/site-packages/pymongo/topology.py", line 346, in _select_server
    servers = self.select_servers(
  File "/usr/local/lib/python3.9/site-packages/pymongo/topology.py", line 253, in select_servers
    server_descriptions = self._select_servers_loop(
  File "/usr/local/lib/python3.9/site-packages/pymongo/topology.py", line 303, in _select_servers_loop
    raise ServerSelectionTimeoutError(
pymongo.errors.ServerSelectionTimeoutError: localhost:27017: [Errno 111] Connection refused (configured timeouts: socketTimeoutMS: 20000.0ms, connectTimeoutMS: 20000.0ms), Timeout: 30s, Topology Description: <TopologyDescription id: 678b88a12552459b722ce69f, topology_type: Unknown, servers: [<ServerDescription ('localhost', 27017) server_type: Unknown, rtt: None, error=AutoReconnect('localhost:27017: [Errno 111] Connection refused (configured timeouts: socketTimeoutMS: 20000.0ms, connectTimeoutMS: 20000.0ms)')>]>
ERROR 2025-01-18 12:02:09,659 basehttp "GET /add_and_calculate/ HTTP/1.1" 500 145254
ERROR 2025-01-18 12:02:14,210 log Internal Server Error: /add_and_calculate/
Traceback (most recent call last):
  File "/usr/local/lib/python3.9/site-packages/django/core/handlers/exception.py", line 56, in inner
    response = get_response(request)
  File "/usr/local/lib/python3.9/site-packages/django/core/handlers/base.py", line 197, in _get_response
    response = wrapped_callback(request, *callback_args, **callback_kwargs)
  File "/app/recycling/views.py", line 223, in add_and_calculate
    form = TransactionForm()  # Formulaire vide pour GET
  File "/app/recycling/forms.py", line 81, in __init__
    self.fields['material'].choices = self.get_material_choices()
  File "/app/recycling/forms.py", line 90, in get_material_choices
    choices = [(material['name'], material['name']) for material in materials]
  File "/app/recycling/forms.py", line 90, in <listcomp>
    choices = [(material['name'], material['name']) for material in materials]
  File "/usr/local/lib/python3.9/site-packages/pymongo/cursor.py", line 1243, in next
    if len(self.__data) or self._refresh():
  File "/usr/local/lib/python3.9/site-packages/pymongo/cursor.py", line 1160, in _refresh
    self.__send_message(q)
  File "/usr/local/lib/python3.9/site-packages/pymongo/cursor.py", line 1039, in __send_message
    response = client._run_operation(
  File "/usr/local/lib/python3.9/site-packages/pymongo/_csot.py", line 108, in csot_wrapper
    return func(self, *args, **kwargs)
  File "/usr/local/lib/python3.9/site-packages/pymongo/mongo_client.py", line 1431, in _run_operation
    return self._retryable_read(
  File "/usr/local/lib/python3.9/site-packages/pymongo/mongo_client.py", line 1540, in _retryable_read
    return self._retry_internal(
  File "/usr/local/lib/python3.9/site-packages/pymongo/_csot.py", line 108, in csot_wrapper
    return func(self, *args, **kwargs)
  File "/usr/local/lib/python3.9/site-packages/pymongo/mongo_client.py", line 1496, in _retry_internal
    return _ClientConnectionRetryable(
  File "/usr/local/lib/python3.9/site-packages/pymongo/mongo_client.py", line 2353, in run
    return self._read() if self._is_read else self._write()
  File "/usr/local/lib/python3.9/site-packages/pymongo/mongo_client.py", line 2483, in _read
    self._server = self._get_server()
  File "/usr/local/lib/python3.9/site-packages/pymongo/mongo_client.py", line 2439, in _get_server
    return self._client._select_server(
  File "/usr/local/lib/python3.9/site-packages/pymongo/mongo_client.py", line 1322, in _select_server
    server = topology.select_server(
  File "/usr/local/lib/python3.9/site-packages/pymongo/topology.py", line 368, in select_server
    server = self._select_server(
  File "/usr/local/lib/python3.9/site-packages/pymongo/topology.py", line 346, in _select_server
    servers = self.select_servers(
  File "/usr/local/lib/python3.9/site-packages/pymongo/topology.py", line 253, in select_servers
    server_descriptions = self._select_servers_loop(
  File "/usr/local/lib/python3.9/site-packages/pymongo/topology.py", line 303, in _select_servers_loop
    raise ServerSelectionTimeoutError(
pymongo.errors.ServerSelectionTimeoutError: localhost:27017: [Errno 111] Connection refused (configured timeouts: socketTimeoutMS: 20000.0ms, connectTimeoutMS: 20000.0ms), Timeout: 30s, Topology Description: <TopologyDescription id: 678b88a12552459b722ce69f, topology_type: Unknown, servers: [<ServerDescription ('localhost', 27017) server_type: Unknown, rtt: None, error=AutoReconnect('localhost:27017: [Errno 111] Connection refused (configured timeouts: socketTimeoutMS: 20000.0ms, connectTimeoutMS: 20000.0ms)')>]>
ERROR 2025-01-18 12:02:14,215 basehttp "GET /add_and_calculate/ HTTP/1.1" 500 145254
INFO 2025-01-18 12:06:50,847 autoreload Watching for file changes with StatReloader
INFO 2025-01-18 12:07:21,438 basehttp "GET / HTTP/1.1" 200 5913
INFO 2025-01-18 12:07:25,671 basehttp "GET /add_and_calculate/ HTTP/1.1" 200 4292
INFO 2025-01-18 12:07:35,025 basehttp "GET /add_and_calculate/ HTTP/1.1" 200 4292
INFO 2025-01-18 12:07:38,038 basehttp "GET / HTTP/1.1" 200 5913
INFO 2025-01-19 12:08:43,106 autoreload Watching for file changes with StatReloader
INFO 2025-01-19 12:08:45,681 basehttp "GET / HTTP/1.1" 200 5913
INFO 2025-01-19 12:08:45,757 basehttp "GET /static/recycling/css/styles.css HTTP/1.1" 304 0
WARNING 2025-01-19 12:08:48,431 log Not Found: /favicon.ico
WARNING 2025-01-19 12:08:48,431 basehttp "GET /favicon.ico HTTP/1.1" 404 6259
INFO 2025-01-19 12:08:51,296 basehttp "GET /inventaires/ HTTP/1.1" 200 10461
INFO 2025-01-19 12:08:53,480 basehttp "GET /admin/ HTTP/1.1" 200 18513
INFO 2025-01-19 12:08:55,545 basehttp "POST /admin/logout/ HTTP/1.1" 200 3632
INFO 2025-01-19 12:08:59,349 basehttp "GET / HTTP/1.1" 200 5913
INFO 2025-01-19 12:09:04,264 basehttp "GET /inventaires/ HTTP/1.1" 302 0
INFO 2025-01-19 12:09:04,279 basehttp "GET /login1/?next=/inventaires/ HTTP/1.1" 200 713
INFO 2025-01-19 12:09:06,690 basehttp "POST /login1/?next=/inventaires/ HTTP/1.1" 302 0
INFO 2025-01-19 12:09:06,774 basehttp "GET /inventaires/ HTTP/1.1" 200 10461
INFO 2025-01-19 12:09:12,349 basehttp "GET /demande-devis/ HTTP/1.1" 200 4909
INFO 2025-01-19 12:09:12,387 basehttp "GET /static/recycling/js/demande_devis.js HTTP/1.1" 304 0
INFO 2025-01-19 12:09:14,449 basehttp "GET /admin/ HTTP/1.1" 200 18513
INFO 2025-01-19 12:09:19,665 basehttp "GET /admin/recycling/pageeconomiecirculaire/1/change/ HTTP/1.1" 200 17463
INFO 2025-01-19 12:09:19,706 basehttp "GET /static/admin/css/forms.css HTTP/1.1" 304 0
INFO 2025-01-19 12:09:19,713 basehttp "GET /static/admin/js/vendor/jquery/jquery.js HTTP/1.1" 304 0
INFO 2025-01-19 12:09:19,716 basehttp "GET /static/admin/js/core.js HTTP/1.1" 304 0
INFO 2025-01-19 12:09:19,716 basehttp "GET /static/admin/js/jquery.init.js HTTP/1.1" 304 0
INFO 2025-01-19 12:09:19,718 basehttp "GET /static/admin/js/actions.js HTTP/1.1" 304 0
INFO 2025-01-19 12:09:19,719 basehttp "GET /static/admin/js/admin/RelatedObjectLookups.js HTTP/1.1" 304 0
INFO 2025-01-19 12:09:19,720 basehttp "GET /static/admin/js/prepopulate.js HTTP/1.1" 304 0
INFO 2025-01-19 12:09:19,721 basehttp "GET /static/admin/js/vendor/xregexp/xregexp.js HTTP/1.1" 304 0
INFO 2025-01-19 12:09:19,722 basehttp "GET /static/admin/js/prepopulate_init.js HTTP/1.1" 304 0
INFO 2025-01-19 12:09:19,723 basehttp "GET /static/admin/js/urlify.js HTTP/1.1" 304 0
INFO 2025-01-19 12:09:19,743 basehttp "GET /static/admin/css/widgets.css HTTP/1.1" 304 0
INFO 2025-01-19 12:09:19,756 basehttp "GET /static/admin/js/change_form.js HTTP/1.1" 304 0
INFO 2025-01-19 12:09:19,810 basehttp "GET /admin/jsi18n/ HTTP/1.1" 200 8985
INFO 2025-01-19 12:09:22,976 basehttp "POST /admin/logout/ HTTP/1.1" 200 3632
INFO 2025-01-19 12:09:24,791 basehttp "GET /admin/ HTTP/1.1" 302 0
INFO 2025-01-19 12:09:24,806 basehttp "GET /admin/login/?next=/admin/ HTTP/1.1" 200 4235
INFO 2025-01-19 12:09:24,837 basehttp "GET /static/admin/css/login.css HTTP/1.1" 304 0
INFO 2025-01-19 12:09:27,170 basehttp "POST /admin/login/?next=/admin/ HTTP/1.1" 302 0
INFO 2025-01-19 12:09:27,377 basehttp "GET /admin/ HTTP/1.1" 200 18513
INFO 2025-01-19 12:09:29,322 basehttp "POST /admin/logout/ HTTP/1.1" 200 3632
INFO 2025-01-19 12:09:32,498 basehttp "GET / HTTP/1.1" 200 5913
INFO 2025-01-19 12:09:35,148 basehttp "GET /inventaires/ HTTP/1.1" 302 0
INFO 2025-01-19 12:09:35,160 basehttp "GET /login1/?next=/inventaires/ HTTP/1.1" 200 713
INFO 2025-01-19 12:09:37,840 basehttp "POST /login1/?next=/inventaires/ HTTP/1.1" 302 0
INFO 2025-01-19 12:09:37,920 basehttp "GET /inventaires/ HTTP/1.1" 200 10461
INFO 2025-01-19 12:11:26,959 basehttp "GET /admin/ HTTP/1.1" 200 18513
INFO 2025-01-19 12:11:28,873 basehttp "POST /admin/logout/ HTTP/1.1" 200 3632
INFO 2025-01-19 12:11:32,483 basehttp "GET / HTTP/1.1" 200 5913
INFO 2025-01-19 12:11:35,166 basehttp "GET /inventaires/ HTTP/1.1" 302 0
INFO 2025-01-19 12:11:35,177 basehttp "GET /login1/?next=/inventaires/ HTTP/1.1" 200 2696
INFO 2025-01-19 12:11:44,004 basehttp "POST /login1/?next=/inventaires/ HTTP/1.1" 302 0
INFO 2025-01-19 12:11:44,089 basehttp "GET /inventaires/ HTTP/1.1" 200 10461
INFO 2025-01-19 12:11:46,474 basehttp "GET /login1/?next=/inventaires/ HTTP/1.1" 200 2696
INFO 2025-01-19 12:12:54,336 basehttp "GET /login1/?next=/inventaires/ HTTP/1.1" 200 2716
INFO 2025-01-19 12:13:17,204 basehttp "GET /login1/?next=/inventaires/ HTTP/1.1" 200 2714
INFO 2025-01-19 12:13:22,442 basehttp "POST /login1/?next=/inventaires/ HTTP/1.1" 302 0
INFO 2025-01-19 12:13:22,528 basehttp "GET /inventaires/ HTTP/1.1" 200 10461
INFO 2025-01-19 12:13:26,063 basehttp "GET /login1/?next=/inventaires/ HTTP/1.1" 200 2714
INFO 2025-01-19 12:15:41,046 basehttp "GET /login1/?next=/inventaires/ HTTP/1.1" 200 774
WARNING 2025-01-19 12:15:41,104 log Not Found: /login1/styles.css
WARNING 2025-01-19 12:15:41,105 basehttp "GET /login1/styles.css HTTP/1.1" 404 6277
INFO 2025-01-19 12:15:53,934 basehttp "GET /login1/?next=/inventaires/ HTTP/1.1" 200 774
WARNING 2025-01-19 12:15:53,971 log Not Found: /login1/styles.css
WARNING 2025-01-19 12:15:53,972 basehttp "GET /login1/styles.css HTTP/1.1" 404 6277
INFO 2025-01-19 12:15:56,844 basehttp "POST /login1/?next=/inventaires/ HTTP/1.1" 302 0
INFO 2025-01-19 12:15:56,931 basehttp "GET /inventaires/ HTTP/1.1" 200 10461
INFO 2025-01-19 12:15:58,300 basehttp "GET /login1/?next=/inventaires/ HTTP/1.1" 200 774
ERROR 2025-01-19 12:16:59,012 log Internal Server Error: /login1/
Traceback (most recent call last):
  File "C:\Users\ameur\recycling_project\myenv\Lib\site-packages\django\template\base.py", line 510, in parse
    compile_func = self.tags[command]
                   ~~~~~~~~~^^^^^^^^^
KeyError: 'static'

During handling of the above exception, another exception occurred:

Traceback (most recent call last):
  File "C:\Users\ameur\recycling_project\myenv\Lib\site-packages\django\core\handlers\exception.py", line 55, in inner
    response = get_response(request)
               ^^^^^^^^^^^^^^^^^^^^^
  File "C:\Users\ameur\recycling_project\myenv\Lib\site-packages\django\core\handlers\base.py", line 220, in _get_response
    response = response.render()
               ^^^^^^^^^^^^^^^^^
  File "C:\Users\ameur\recycling_project\myenv\Lib\site-packages\django\template\response.py", line 114, in render
    self.content = self.rendered_content
                   ^^^^^^^^^^^^^^^^^^^^^
  File "C:\Users\ameur\recycling_project\myenv\Lib\site-packages\django\template\response.py", line 90, in rendered_content
    template = self.resolve_template(self.template_name)
               ^^^^^^^^^^^^^^^^^^^^^^^^^^^^^^^^^^^^^^^^^
  File "C:\Users\ameur\recycling_project\myenv\Lib\site-packages\django\template\response.py", line 72, in resolve_template
    return select_template(template, using=self.using)
           ^^^^^^^^^^^^^^^^^^^^^^^^^^^^^^^^^^^^^^^^^^^
  File "C:\Users\ameur\recycling_project\myenv\Lib\site-packages\django\template\loader.py", line 42, in select_template
    return engine.get_template(template_name)
           ^^^^^^^^^^^^^^^^^^^^^^^^^^^^^^^^^^
  File "C:\Users\ameur\recycling_project\myenv\Lib\site-packages\django\template\backends\django.py", line 79, in get_template
    return Template(self.engine.get_template(template_name), self)
                    ^^^^^^^^^^^^^^^^^^^^^^^^^^^^^^^^^^^^^^^
  File "C:\Users\ameur\recycling_project\myenv\Lib\site-packages\django\template\engine.py", line 177, in get_template
    template, origin = self.find_template(template_name)
                       ^^^^^^^^^^^^^^^^^^^^^^^^^^^^^^^^^
  File "C:\Users\ameur\recycling_project\myenv\Lib\site-packages\django\template\engine.py", line 159, in find_template
    template = loader.get_template(name, skip=skip)
               ^^^^^^^^^^^^^^^^^^^^^^^^^^^^^^^^^^^^
  File "C:\Users\ameur\recycling_project\myenv\Lib\site-packages\django\template\loaders\cached.py", line 57, in get_template
    template = super().get_template(template_name, skip)
               ^^^^^^^^^^^^^^^^^^^^^^^^^^^^^^^^^^^^^^^^^
  File "C:\Users\ameur\recycling_project\myenv\Lib\site-packages\django\template\loaders\base.py", line 28, in get_template
    return Template(
           ^^^^^^^^^
  File "C:\Users\ameur\recycling_project\myenv\Lib\site-packages\django\template\base.py", line 154, in __init__
    self.nodelist = self.compile_nodelist()
                    ^^^^^^^^^^^^^^^^^^^^^^^
  File "C:\Users\ameur\recycling_project\myenv\Lib\site-packages\django\template\base.py", line 196, in compile_nodelist
    nodelist = parser.parse()
               ^^^^^^^^^^^^^^
  File "C:\Users\ameur\recycling_project\myenv\Lib\site-packages\django\template\base.py", line 512, in parse
    self.invalid_block_tag(token, command, parse_until)
  File "C:\Users\ameur\recycling_project\myenv\Lib\site-packages\django\template\base.py", line 573, in invalid_block_tag
    raise self.error(
django.template.exceptions.TemplateSyntaxError: Invalid block tag on line 7: 'static'. Did you forget to register or load this tag?
ERROR 2025-01-19 12:16:59,017 basehttp "GET /login1/?next=/inventaires/ HTTP/1.1" 500 144257
INFO 2025-01-19 12:17:11,500 basehttp "GET /login1/?next=/inventaires/ HTTP/1.1" 200 774
WARNING 2025-01-19 12:17:11,531 log Not Found: /login1/styles.css
WARNING 2025-01-19 12:17:11,532 basehttp "GET /login1/styles.css HTTP/1.1" 404 6277
INFO 2025-01-19 12:17:53,496 basehttp "GET /login1/?next=/inventaires/ HTTP/1.1" 200 778
WARNING 2025-01-19 12:17:53,567 log Not Found: /login1/css/styles.css
WARNING 2025-01-19 12:17:53,568 basehttp "GET /login1/css/styles.css HTTP/1.1" 404 6289
INFO 2025-01-19 12:19:17,862 basehttp "GET /login1/?next=/inventaires/ HTTP/1.1" 200 869
WARNING 2025-01-19 12:19:17,930 basehttp "GET /static/css/styles.css HTTP/1.1" 404 1856
INFO 2025-01-19 12:20:24,170 basehttp "GET /login1/?next=/inventaires/ HTTP/1.1" 200 879
INFO 2025-01-19 12:20:26,899 basehttp "POST /login1/?next=/inventaires/ HTTP/1.1" 302 0
INFO 2025-01-19 12:20:26,996 basehttp "GET /inventaires/ HTTP/1.1" 200 10461
INFO 2025-01-19 12:20:28,557 basehttp "GET /login1/?next=/inventaires/ HTTP/1.1" 200 879
INFO 2025-01-19 12:21:51,676 basehttp "GET /login1/?next=/inventaires/ HTTP/1.1" 200 864
INFO 2025-01-19 12:22:43,919 basehttp "GET /login1/?next=/inventaires/ HTTP/1.1" 200 2696
INFO 2025-01-19 12:23:15,119 basehttp "GET /login1/?next=/inventaires/ HTTP/1.1" 200 2696
INFO 2025-01-19 12:23:21,236 basehttp "GET /login1/?next=/inventaires/ HTTP/1.1" 200 2705
INFO 2025-01-19 12:23:46,634 basehttp "GET /login1/?next=/inventaires/ HTTP/1.1" 200 2714
INFO 2025-01-19 12:23:51,532 basehttp "POST /login1/?next=/inventaires/ HTTP/1.1" 302 0
INFO 2025-01-19 12:23:51,617 basehttp "GET /inventaires/ HTTP/1.1" 200 10461
INFO 2025-01-19 12:23:53,171 basehttp "GET /login1/?next=/inventaires/ HTTP/1.1" 200 2714
